Start testing: Jun 09 18:23 CST
----------------------------------------------------------
1/126 Testing: GeoConvert0
1/126 Test: GeoConvert0
Command: "/home/luohanjie/Documents/SLAM/Code/catkin_ws_SaveMap/src/ublox_gps_ros/Thirdparty/GeographicLib-1.48/build/tools/GeoConvert" "-p" "-3" "-m" "--input-string" "33.3 44.4"
Directory: /home/luohanjie/Documents/SLAM/Code/catkin_ws_SaveMap/src/ublox_gps_ros/Thirdparty/GeographicLib-1.48/build
"GeoConvert0" start time: Jun 09 18:23 CST
Output:
----------------------------------------------------------
38SMB4484
<end of output>
Test time =   0.00 sec
----------------------------------------------------------
Test Pass Reason:
Required regular expression found.Regex=[38SMB4484
]
"GeoConvert0" end time: Jun 09 18:23 CST
"GeoConvert0" time elapsed: 00:00:00
----------------------------------------------------------

2/126 Testing: GeoConvert1
2/126 Test: GeoConvert1
Command: "/home/luohanjie/Documents/SLAM/Code/catkin_ws_SaveMap/src/ublox_gps_ros/Thirdparty/GeographicLib-1.48/build/tools/GeoConvert" "-d" "--input-string" "38smb"
Directory: /home/luohanjie/Documents/SLAM/Code/catkin_ws_SaveMap/src/ublox_gps_ros/Thirdparty/GeographicLib-1.48/build
"GeoConvert1" start time: Jun 09 18:23 CST
Output:
----------------------------------------------------------
32d59'14.1"N 044d27'53.4"E
<end of output>
Test time =   0.00 sec
----------------------------------------------------------
Test Pass Reason:
Required regular expression found.Regex=[32d59'14\.1"N 044d27'53\.4"E
]
"GeoConvert1" end time: Jun 09 18:23 CST
"GeoConvert1" time elapsed: 00:00:00
----------------------------------------------------------

3/126 Testing: GeoConvert2
3/126 Test: GeoConvert2
Command: "/home/luohanjie/Documents/SLAM/Code/catkin_ws_SaveMap/src/ublox_gps_ros/Thirdparty/GeographicLib-1.48/build/tools/GeoConvert" "-p" "-2" "--input-string" "30d30'30" 30.50833"
Directory: /home/luohanjie/Documents/SLAM/Code/catkin_ws_SaveMap/src/ublox_gps_ros/Thirdparty/GeographicLib-1.48/build
"GeoConvert2" start time: Jun 09 18:23 CST
Output:
----------------------------------------------------------
30.508 30.508
<end of output>
Test time =   0.00 sec
----------------------------------------------------------
Test Pass Reason:
Required regular expression found.Regex=[30\.508 30\.508
]
"GeoConvert2" end time: Jun 09 18:23 CST
"GeoConvert2" time elapsed: 00:00:00
----------------------------------------------------------

4/126 Testing: GeoConvert3
4/126 Test: GeoConvert3
Command: "/home/luohanjie/Documents/SLAM/Code/catkin_ws_SaveMap/src/ublox_gps_ros/Thirdparty/GeographicLib-1.48/build/tools/GeoConvert" "--junk"
Directory: /home/luohanjie/Documents/SLAM/Code/catkin_ws_SaveMap/src/ublox_gps_ros/Thirdparty/GeographicLib-1.48/build
"GeoConvert3" start time: Jun 09 18:23 CST
Output:
----------------------------------------------------------
Usage:
    GeoConvert [ -g | -d | -: | -u | -m | -c ] [ -z zone | -s | -t | -S |
    -T ] [ -n ] [ -w ] [ -p prec ] [ -l | -a ] [ --comment-delimiter
    commentdelim ] [ --version | -h | --help ] [ --input-file infile |
    --input-string instring ] [ --line-separator linesep ] [ --output-file
    outfile ]

For full documentation type:
    GeoConvert --help
or visit:
    https://geographiclib.sourceforge.io/1.48/GeoConvert.1.html
<end of output>
Test time =   0.00 sec
----------------------------------------------------------
Test Passed.
"GeoConvert3" end time: Jun 09 18:23 CST
"GeoConvert3" time elapsed: 00:00:00
----------------------------------------------------------

5/126 Testing: GeoConvert4
5/126 Test: GeoConvert4
Command: "/home/luohanjie/Documents/SLAM/Code/catkin_ws_SaveMap/src/ublox_gps_ros/Thirdparty/GeographicLib-1.48/build/tools/GeoConvert" "--input-string" "garbage"
Directory: /home/luohanjie/Documents/SLAM/Code/catkin_ws_SaveMap/src/ublox_gps_ros/Thirdparty/GeographicLib-1.48/build
"GeoConvert4" start time: Jun 09 18:23 CST
Output:
----------------------------------------------------------
ERROR: Band letter g not in UPS set ABYZ
<end of output>
Test time =   0.00 sec
----------------------------------------------------------
Test Passed.
"GeoConvert4" end time: Jun 09 18:23 CST
"GeoConvert4" time elapsed: 00:00:00
----------------------------------------------------------

6/126 Testing: GeoConvert5
6/126 Test: GeoConvert5
Command: "/home/luohanjie/Documents/SLAM/Code/catkin_ws_SaveMap/src/ublox_gps_ros/Thirdparty/GeographicLib-1.48/build/tools/GeoConvert" "--input-string" "5d. 0"
Directory: /home/luohanjie/Documents/SLAM/Code/catkin_ws_SaveMap/src/ublox_gps_ros/Thirdparty/GeographicLib-1.48/build
"GeoConvert5" start time: Jun 09 18:23 CST
Output:
----------------------------------------------------------
ERROR: Missing numbers in trailing component of 5d.
<end of output>
Test time =   0.00 sec
----------------------------------------------------------
Test Passed.
"GeoConvert5" end time: Jun 09 18:23 CST
"GeoConvert5" time elapsed: 00:00:00
----------------------------------------------------------

7/126 Testing: GeoConvert6
7/126 Test: GeoConvert6
Command: "/home/luohanjie/Documents/SLAM/Code/catkin_ws_SaveMap/src/ublox_gps_ros/Thirdparty/GeographicLib-1.48/build/tools/GeoConvert" "-p" "9" "--input-string" "0 179.99999999999998578"
Directory: /home/luohanjie/Documents/SLAM/Code/catkin_ws_SaveMap/src/ublox_gps_ros/Thirdparty/GeographicLib-1.48/build
"GeoConvert6" start time: Jun 09 18:23 CST
Output:
----------------------------------------------------------
0.00000000000000 179.99999999999997
<end of output>
Test time =   0.00 sec
----------------------------------------------------------
Test Pass Reason:
Required regular expression found.Regex=[179\.9999999999999[7-9]
]
"GeoConvert6" end time: Jun 09 18:23 CST
"GeoConvert6" time elapsed: 00:00:00
----------------------------------------------------------

8/126 Testing: GeoConvert7
8/126 Test: GeoConvert7
Command: "/home/luohanjie/Documents/SLAM/Code/catkin_ws_SaveMap/src/ublox_gps_ros/Thirdparty/GeographicLib-1.48/build/tools/GeoConvert" "--version"
Directory: /home/luohanjie/Documents/SLAM/Code/catkin_ws_SaveMap/src/ublox_gps_ros/Thirdparty/GeographicLib-1.48/build
"GeoConvert7" start time: Jun 09 18:23 CST
Output:
----------------------------------------------------------
/home/luohanjie/Documents/SLAM/Code/catkin_ws_SaveMap/src/ublox_gps_ros/Thirdparty/GeographicLib-1.48/build/tools/GeoConvert: GeographicLib version 1.48
<end of output>
Test time =   0.00 sec
----------------------------------------------------------
Test Passed.
"GeoConvert7" end time: Jun 09 18:23 CST
"GeoConvert7" time elapsed: 00:00:00
----------------------------------------------------------

9/126 Testing: GeoConvert8
9/126 Test: GeoConvert8
Command: "/home/luohanjie/Documents/SLAM/Code/catkin_ws_SaveMap/src/ublox_gps_ros/Thirdparty/GeographicLib-1.48/build/tools/GeoConvert" "-u" "-p" "6" "--input-string" "86 0"
Directory: /home/luohanjie/Documents/SLAM/Code/catkin_ws_SaveMap/src/ublox_gps_ros/Thirdparty/GeographicLib-1.48/build
"GeoConvert8" start time: Jun 09 18:23 CST
Output:
----------------------------------------------------------
n 2000000.000000 1555731.570643
<end of output>
Test time =   0.00 sec
----------------------------------------------------------
Test Pass Reason:
Required regular expression found.Regex=[n 2000000\.0* 1555731\.570643
]
"GeoConvert8" end time: Jun 09 18:23 CST
"GeoConvert8" time elapsed: 00:00:00
----------------------------------------------------------

10/126 Testing: GeoConvert9
10/126 Test: GeoConvert9
Command: "/home/luohanjie/Documents/SLAM/Code/catkin_ws_SaveMap/src/ublox_gps_ros/Thirdparty/GeographicLib-1.48/build/tools/GeoConvert" "--input-string" "5d70.0 10"
Directory: /home/luohanjie/Documents/SLAM/Code/catkin_ws_SaveMap/src/ublox_gps_ros/Thirdparty/GeographicLib-1.48/build
"GeoConvert9" start time: Jun 09 18:23 CST
Output:
----------------------------------------------------------
ERROR: Minutes 70 not in range [0, 60)
<end of output>
Test time =   0.01 sec
----------------------------------------------------------
Test Passed.
"GeoConvert9" end time: Jun 09 18:23 CST
"GeoConvert9" time elapsed: 00:00:00
----------------------------------------------------------

11/126 Testing: GeoConvert10
11/126 Test: GeoConvert10
Command: "/home/luohanjie/Documents/SLAM/Code/catkin_ws_SaveMap/src/ublox_gps_ros/Thirdparty/GeographicLib-1.48/build/tools/GeoConvert" "--input-string" "5d60 10"
Directory: /home/luohanjie/Documents/SLAM/Code/catkin_ws_SaveMap/src/ublox_gps_ros/Thirdparty/GeographicLib-1.48/build
"GeoConvert10" start time: Jun 09 18:23 CST
Output:
----------------------------------------------------------
ERROR: Minutes 60 not in range [0, 60)
<end of output>
Test time =   0.00 sec
----------------------------------------------------------
Test Passed.
"GeoConvert10" end time: Jun 09 18:23 CST
"GeoConvert10" time elapsed: 00:00:00
----------------------------------------------------------

12/126 Testing: GeoConvert11
12/126 Test: GeoConvert11
Command: "/home/luohanjie/Documents/SLAM/Code/catkin_ws_SaveMap/src/ublox_gps_ros/Thirdparty/GeographicLib-1.48/build/tools/GeoConvert" "--input-string" "5d59 10"
Directory: /home/luohanjie/Documents/SLAM/Code/catkin_ws_SaveMap/src/ublox_gps_ros/Thirdparty/GeographicLib-1.48/build
"GeoConvert11" start time: Jun 09 18:23 CST
Output:
----------------------------------------------------------
5.98333 10.00000
<end of output>
Test time =   0.00 sec
----------------------------------------------------------
Test Passed.
"GeoConvert11" end time: Jun 09 18:23 CST
"GeoConvert11" time elapsed: 00:00:00
----------------------------------------------------------

13/126 Testing: GeoConvert12
13/126 Test: GeoConvert12
Command: "/home/luohanjie/Documents/SLAM/Code/catkin_ws_SaveMap/src/ublox_gps_ros/Thirdparty/GeographicLib-1.48/build/tools/GeoConvert" "--input-string" "5d60. 10"
Directory: /home/luohanjie/Documents/SLAM/Code/catkin_ws_SaveMap/src/ublox_gps_ros/Thirdparty/GeographicLib-1.48/build
"GeoConvert12" start time: Jun 09 18:23 CST
Output:
----------------------------------------------------------
6.00000 10.00000
<end of output>
Test time =   0.00 sec
----------------------------------------------------------
Test Passed.
"GeoConvert12" end time: Jun 09 18:23 CST
"GeoConvert12" time elapsed: 00:00:00
----------------------------------------------------------

14/126 Testing: GeoConvert13
14/126 Test: GeoConvert13
Command: "/home/luohanjie/Documents/SLAM/Code/catkin_ws_SaveMap/src/ublox_gps_ros/Thirdparty/GeographicLib-1.48/build/tools/GeoConvert" "--input-string" "5d60.0 10"
Directory: /home/luohanjie/Documents/SLAM/Code/catkin_ws_SaveMap/src/ublox_gps_ros/Thirdparty/GeographicLib-1.48/build
"GeoConvert13" start time: Jun 09 18:23 CST
Output:
----------------------------------------------------------
6.00000 10.00000
<end of output>
Test time =   0.00 sec
----------------------------------------------------------
Test Passed.
"GeoConvert13" end time: Jun 09 18:23 CST
"GeoConvert13" time elapsed: 00:00:00
----------------------------------------------------------

15/126 Testing: GeoConvert14
15/126 Test: GeoConvert14
Command: "/home/luohanjie/Documents/SLAM/Code/catkin_ws_SaveMap/src/ublox_gps_ros/Thirdparty/GeographicLib-1.48/build/tools/GeoConvert" "-:" "-p" "-4" "--input-string" "5.25 5.75"
Directory: /home/luohanjie/Documents/SLAM/Code/catkin_ws_SaveMap/src/ublox_gps_ros/Thirdparty/GeographicLib-1.48/build
"GeoConvert14" start time: Jun 09 18:23 CST
Output:
----------------------------------------------------------
05.2N 005.8E
<end of output>
Test time =   0.00 sec
----------------------------------------------------------
Test Pass Reason:
Required regular expression found.Regex=[05.2N 005.8E
]
"GeoConvert14" end time: Jun 09 18:23 CST
"GeoConvert14" time elapsed: 00:00:00
----------------------------------------------------------

16/126 Testing: GeoConvert15
16/126 Test: GeoConvert15
Command: "/home/luohanjie/Documents/SLAM/Code/catkin_ws_SaveMap/src/ublox_gps_ros/Thirdparty/GeographicLib-1.48/build/tools/GeoConvert" "-:" "-p" "-1" "--input-string" "5.03125 5.09375"
Directory: /home/luohanjie/Documents/SLAM/Code/catkin_ws_SaveMap/src/ublox_gps_ros/Thirdparty/GeographicLib-1.48/build
"GeoConvert15" start time: Jun 09 18:23 CST
Output:
----------------------------------------------------------
05:01:52N 005:05:38E
<end of output>
Test time =   0.00 sec
----------------------------------------------------------
Test Pass Reason:
Required regular expression found.Regex=[05:01:52N 005:05:38E
]
"GeoConvert15" end time: Jun 09 18:23 CST
"GeoConvert15" time elapsed: 00:00:00
----------------------------------------------------------

17/126 Testing: GeoConvert16
17/126 Test: GeoConvert16
Command: "/home/luohanjie/Documents/SLAM/Code/catkin_ws_SaveMap/src/ublox_gps_ros/Thirdparty/GeographicLib-1.48/build/tools/GeoConvert" "-m" "-p" "3" "--input-string" "38n 444140.6 3684706.3"
Directory: /home/luohanjie/Documents/SLAM/Code/catkin_ws_SaveMap/src/ublox_gps_ros/Thirdparty/GeographicLib-1.48/build
"GeoConvert16" start time: Jun 09 18:23 CST
Output:
----------------------------------------------------------
38SMB4414060084706300
<end of output>
Test time =   0.00 sec
----------------------------------------------------------
Test Pass Reason:
Required regular expression found.Regex=[38SMB4414060084706300
]
"GeoConvert16" end time: Jun 09 18:23 CST
"GeoConvert16" time elapsed: 00:00:00
----------------------------------------------------------

18/126 Testing: GeoConvert17
18/126 Test: GeoConvert17
Command: "/home/luohanjie/Documents/SLAM/Code/catkin_ws_SaveMap/src/ublox_gps_ros/Thirdparty/GeographicLib-1.48/build/tools/GeoConvert" "-m" "-p" "3" "--input-string" "38n 500000 63.811"
Directory: /home/luohanjie/Documents/SLAM/Code/catkin_ws_SaveMap/src/ublox_gps_ros/Thirdparty/GeographicLib-1.48/build
"GeoConvert17" start time: Jun 09 18:23 CST
Output:
----------------------------------------------------------
38NNF0000000000063811
<end of output>
Test time =   0.00 sec
----------------------------------------------------------
Test Pass Reason:
Required regular expression found.Regex=[38NNF0000000000063811
]
"GeoConvert17" end time: Jun 09 18:23 CST
"GeoConvert17" time elapsed: 00:00:00
----------------------------------------------------------

19/126 Testing: GeoConvert18
19/126 Test: GeoConvert18
Command: "/home/luohanjie/Documents/SLAM/Code/catkin_ws_SaveMap/src/ublox_gps_ros/Thirdparty/GeographicLib-1.48/build/tools/GeoConvert" "-m" "-p" "4" "--input-string" "38n 500000 63.811"
Directory: /home/luohanjie/Documents/SLAM/Code/catkin_ws_SaveMap/src/ublox_gps_ros/Thirdparty/GeographicLib-1.48/build
"GeoConvert18" start time: Jun 09 18:23 CST
Output:
----------------------------------------------------------
38NNF000000000000638110
<end of output>
Test time =   0.00 sec
----------------------------------------------------------
Test Pass Reason:
Required regular expression found.Regex=[38NNF000000000000638110
]
"GeoConvert18" end time: Jun 09 18:23 CST
"GeoConvert18" time elapsed: 00:00:00
----------------------------------------------------------

20/126 Testing: GeodSolve0
20/126 Test: GeodSolve0
Command: "/home/luohanjie/Documents/SLAM/Code/catkin_ws_SaveMap/src/ublox_gps_ros/Thirdparty/GeographicLib-1.48/build/tools/GeodSolve" "-i" "-p" "0" "--input-string" "40.6 -73.8 49d01'N 2d33'E"
Directory: /home/luohanjie/Documents/SLAM/Code/catkin_ws_SaveMap/src/ublox_gps_ros/Thirdparty/GeographicLib-1.48/build
"GeodSolve0" start time: Jun 09 18:23 CST
Output:
----------------------------------------------------------
53.47022 111.59367 5853226
<end of output>
Test time =   0.00 sec
----------------------------------------------------------
Test Pass Reason:
Required regular expression found.Regex=[53\.47022 111\.59367 5853226
]
"GeodSolve0" end time: Jun 09 18:23 CST
"GeodSolve0" time elapsed: 00:00:00
----------------------------------------------------------

21/126 Testing: GeodSolve1
21/126 Test: GeodSolve1
Command: "/home/luohanjie/Documents/SLAM/Code/catkin_ws_SaveMap/src/ublox_gps_ros/Thirdparty/GeographicLib-1.48/build/tools/GeodSolve" "-p" "0" "--input-string" "40d38'23"N 073d46'44"W 53d30' 5850e3"
Directory: /home/luohanjie/Documents/SLAM/Code/catkin_ws_SaveMap/src/ublox_gps_ros/Thirdparty/GeographicLib-1.48/build
"GeodSolve1" start time: Jun 09 18:23 CST
Output:
----------------------------------------------------------
49.01467 2.56106 111.62947
<end of output>
Test time =   0.00 sec
----------------------------------------------------------
Test Pass Reason:
Required regular expression found.Regex=[49\.01467 2\.56106 111\.62947
]
"GeodSolve1" end time: Jun 09 18:23 CST
"GeodSolve1" time elapsed: 00:00:00
----------------------------------------------------------

22/126 Testing: GeodSolve2
22/126 Test: GeodSolve2
Command: "/home/luohanjie/Documents/SLAM/Code/catkin_ws_SaveMap/src/ublox_gps_ros/Thirdparty/GeographicLib-1.48/build/tools/GeodSolve" "-i" "-p" "0" "-e" "6.4e6" "-1/150" "--input-string" "0.07476 0 -0.07476 180"
Directory: /home/luohanjie/Documents/SLAM/Code/catkin_ws_SaveMap/src/ublox_gps_ros/Thirdparty/GeographicLib-1.48/build
"GeodSolve2" start time: Jun 09 18:23 CST
Output:
----------------------------------------------------------
90.00078 90.00078 20106193
<end of output>
Test time =   0.00 sec
----------------------------------------------------------
Test Pass Reason:
Required regular expression found.Regex=[90\.00078 90\.00078 20106193
]
"GeodSolve2" end time: Jun 09 18:23 CST
"GeodSolve2" time elapsed: 00:00:00
----------------------------------------------------------

23/126 Testing: GeodSolve3
23/126 Test: GeodSolve3
Command: "/home/luohanjie/Documents/SLAM/Code/catkin_ws_SaveMap/src/ublox_gps_ros/Thirdparty/GeographicLib-1.48/build/tools/GeodSolve" "-i" "-p" "0" "-e" "6.4e6" "-1/150" "--input-string" "0.1 0 -0.1 180"
Directory: /home/luohanjie/Documents/SLAM/Code/catkin_ws_SaveMap/src/ublox_gps_ros/Thirdparty/GeographicLib-1.48/build
"GeodSolve3" start time: Jun 09 18:23 CST
Output:
----------------------------------------------------------
90.00105 90.00105 20106193
<end of output>
Test time =   0.00 sec
----------------------------------------------------------
Test Pass Reason:
Required regular expression found.Regex=[90\.00105 90\.00105 20106193
]
"GeodSolve3" end time: Jun 09 18:23 CST
"GeodSolve3" time elapsed: 00:00:00
----------------------------------------------------------

24/126 Testing: GeodSolve4
24/126 Test: GeodSolve4
Command: "/home/luohanjie/Documents/SLAM/Code/catkin_ws_SaveMap/src/ublox_gps_ros/Thirdparty/GeographicLib-1.48/build/tools/GeodSolve" "-i" "--input-string" "36.493349428792 0 36.49334942879201 .0000008"
Directory: /home/luohanjie/Documents/SLAM/Code/catkin_ws_SaveMap/src/ublox_gps_ros/Thirdparty/GeographicLib-1.48/build
"GeodSolve4" start time: Jun 09 18:23 CST
Output:
----------------------------------------------------------
89.99999976 90.00000024 0.072
<end of output>
Test time =   0.00 sec
----------------------------------------------------------
Test Pass Reason:
Required regular expression found.Regex=[.* .* 0\.072
]
"GeodSolve4" end time: Jun 09 18:23 CST
"GeodSolve4" time elapsed: 00:00:00
----------------------------------------------------------

25/126 Testing: GeodSolve5
25/126 Test: GeodSolve5
Command: "/home/luohanjie/Documents/SLAM/Code/catkin_ws_SaveMap/src/ublox_gps_ros/Thirdparty/GeographicLib-1.48/build/tools/GeodSolve" "-p" "0" "--input-string" "0.01777745589997 30 0 10e6"
Directory: /home/luohanjie/Documents/SLAM/Code/catkin_ws_SaveMap/src/ublox_gps_ros/Thirdparty/GeographicLib-1.48/build
"GeodSolve5" start time: Jun 09 18:23 CST
Output:
----------------------------------------------------------
90.00000 -150.00000 180.00000
<end of output>
Test time =   0.00 sec
----------------------------------------------------------
Test Pass Reason:
Required regular expression found.Regex=[90\.00000 -150\.00000 -?180\.00000
90\.00000 30\.00000 0\.00000
]
"GeodSolve5" end time: Jun 09 18:23 CST
"GeodSolve5" time elapsed: 00:00:00
----------------------------------------------------------

26/126 Testing: GeodSolve6
26/126 Test: GeodSolve6
Command: "/home/luohanjie/Documents/SLAM/Code/catkin_ws_SaveMap/src/ublox_gps_ros/Thirdparty/GeographicLib-1.48/build/tools/GeodSolve" "-i" "--input-string" "88.202499451857 0 -88.202499451857 179.981022032992859592"
Directory: /home/luohanjie/Documents/SLAM/Code/catkin_ws_SaveMap/src/ublox_gps_ros/Thirdparty/GeographicLib-1.48/build
"GeodSolve6" start time: Jun 09 18:23 CST
Output:
----------------------------------------------------------
90.00000000 90.00000000 20003898.214
<end of output>
Test time =   0.00 sec
----------------------------------------------------------
Test Pass Reason:
Required regular expression found.Regex=[.* .* 20003898.214
]
"GeodSolve6" end time: Jun 09 18:23 CST
"GeodSolve6" time elapsed: 00:00:00
----------------------------------------------------------

27/126 Testing: GeodSolve7
27/126 Test: GeodSolve7
Command: "/home/luohanjie/Documents/SLAM/Code/catkin_ws_SaveMap/src/ublox_gps_ros/Thirdparty/GeographicLib-1.48/build/tools/GeodSolve" "-i" "--input-string" "89.262080389218 0 -89.262080389218 179.992207982775375662"
Directory: /home/luohanjie/Documents/SLAM/Code/catkin_ws_SaveMap/src/ublox_gps_ros/Thirdparty/GeographicLib-1.48/build
"GeodSolve7" start time: Jun 09 18:23 CST
Output:
----------------------------------------------------------
90.00000000 90.00000000 20003925.854
<end of output>
Test time =   0.00 sec
----------------------------------------------------------
Test Pass Reason:
Required regular expression found.Regex=[.* .* 20003925.854
]
"GeodSolve7" end time: Jun 09 18:23 CST
"GeodSolve7" time elapsed: 00:00:00
----------------------------------------------------------

28/126 Testing: GeodSolve8
28/126 Test: GeodSolve8
Command: "/home/luohanjie/Documents/SLAM/Code/catkin_ws_SaveMap/src/ublox_gps_ros/Thirdparty/GeographicLib-1.48/build/tools/GeodSolve" "-i" "--input-string" "89.333123580033 0 -89.333123580032997687 179.99295812360148422"
Directory: /home/luohanjie/Documents/SLAM/Code/catkin_ws_SaveMap/src/ublox_gps_ros/Thirdparty/GeographicLib-1.48/build
"GeodSolve8" start time: Jun 09 18:23 CST
Output:
----------------------------------------------------------
90.00000000 90.00000000 20003926.881
<end of output>
Test time =   0.00 sec
----------------------------------------------------------
Test Pass Reason:
Required regular expression found.Regex=[.* .* 20003926.881
]
"GeodSolve8" end time: Jun 09 18:23 CST
"GeodSolve8" time elapsed: 00:00:00
----------------------------------------------------------

29/126 Testing: GeodSolve9
29/126 Test: GeodSolve9
Command: "/home/luohanjie/Documents/SLAM/Code/catkin_ws_SaveMap/src/ublox_gps_ros/Thirdparty/GeographicLib-1.48/build/tools/GeodSolve" "-i" "--input-string" "56.320923501171 0 -56.320923501171 179.664747671772880215"
Directory: /home/luohanjie/Documents/SLAM/Code/catkin_ws_SaveMap/src/ublox_gps_ros/Thirdparty/GeographicLib-1.48/build
"GeodSolve9" start time: Jun 09 18:23 CST
Output:
----------------------------------------------------------
89.99998907 90.00001093 19993558.287
<end of output>
Test time =   0.00 sec
----------------------------------------------------------
Test Pass Reason:
Required regular expression found.Regex=[.* .* 19993558.287
]
"GeodSolve9" end time: Jun 09 18:23 CST
"GeodSolve9" time elapsed: 00:00:00
----------------------------------------------------------

30/126 Testing: GeodSolve10
30/126 Test: GeodSolve10
Command: "/home/luohanjie/Documents/SLAM/Code/catkin_ws_SaveMap/src/ublox_gps_ros/Thirdparty/GeographicLib-1.48/build/tools/GeodSolve" "-i" "--input-string" "52.784459512564 0 -52.784459512563990912 179.634407464943777557"
Directory: /home/luohanjie/Documents/SLAM/Code/catkin_ws_SaveMap/src/ublox_gps_ros/Thirdparty/GeographicLib-1.48/build
"GeodSolve10" start time: Jun 09 18:23 CST
Output:
----------------------------------------------------------
89.99995977 90.00004025 19991596.095
<end of output>
Test time =   0.00 sec
----------------------------------------------------------
Test Pass Reason:
Required regular expression found.Regex=[.* .* 19991596.095
]
"GeodSolve10" end time: Jun 09 18:23 CST
"GeodSolve10" time elapsed: 00:00:00
----------------------------------------------------------

31/126 Testing: GeodSolve11
31/126 Test: GeodSolve11
Command: "/home/luohanjie/Documents/SLAM/Code/catkin_ws_SaveMap/src/ublox_gps_ros/Thirdparty/GeographicLib-1.48/build/tools/GeodSolve" "-i" "--input-string" "48.522876735459 0 -48.52287673545898293 179.599720456223079643"
Directory: /home/luohanjie/Documents/SLAM/Code/catkin_ws_SaveMap/src/ublox_gps_ros/Thirdparty/GeographicLib-1.48/build
"GeodSolve11" start time: Jun 09 18:23 CST
Output:
----------------------------------------------------------
89.99996442 90.00003560 19989144.774
<end of output>
Test time =   0.00 sec
----------------------------------------------------------
Test Pass Reason:
Required regular expression found.Regex=[.* .* 19989144.774
]
"GeodSolve11" end time: Jun 09 18:23 CST
"GeodSolve11" time elapsed: 00:00:00
----------------------------------------------------------

32/126 Testing: GeodSolve12
32/126 Test: GeodSolve12
Command: "/home/luohanjie/Documents/SLAM/Code/catkin_ws_SaveMap/src/ublox_gps_ros/Thirdparty/GeographicLib-1.48/build/tools/GeodSolve" "-i" "-e" "89.8" "-1.83" "-p" "1" "--input-string" "0 0 -10 160"
Directory: /home/luohanjie/Documents/SLAM/Code/catkin_ws_SaveMap/src/ublox_gps_ros/Thirdparty/GeographicLib-1.48/build
"GeodSolve12" start time: Jun 09 18:23 CST
Output:
----------------------------------------------------------
120.271181 105.158683 266.7
<end of output>
Test time =   0.00 sec
----------------------------------------------------------
Test Pass Reason:
Required regular expression found.Regex=[120\.27.* 105\.15.* 266\.7
]
"GeodSolve12" end time: Jun 09 18:23 CST
"GeodSolve12" time elapsed: 00:00:00
----------------------------------------------------------

33/126 Testing: GeodSolve13
33/126 Test: GeodSolve13
Command: "/home/luohanjie/Documents/SLAM/Code/catkin_ws_SaveMap/src/ublox_gps_ros/Thirdparty/GeographicLib-1.48/build/tools/GeodSolve" "-i" "-e" "89.8" "-1.83" "-p" "1" "--input-string" "0 0 -10 160" "-E"
Directory: /home/luohanjie/Documents/SLAM/Code/catkin_ws_SaveMap/src/ublox_gps_ros/Thirdparty/GeographicLib-1.48/build
"GeodSolve13" start time: Jun 09 18:23 CST
Output:
----------------------------------------------------------
120.271236 105.158802 266.7
<end of output>
Test time =   0.00 sec
----------------------------------------------------------
Test Pass Reason:
Required regular expression found.Regex=[120\.27.* 105\.15.* 266\.7
]
"GeodSolve13" end time: Jun 09 18:23 CST
"GeodSolve13" time elapsed: 00:00:00
----------------------------------------------------------

34/126 Testing: GeodSolve14
34/126 Test: GeodSolve14
Command: "/home/luohanjie/Documents/SLAM/Code/catkin_ws_SaveMap/src/ublox_gps_ros/Thirdparty/GeographicLib-1.48/build/tools/GeodSolve" "-i" "--input-string" "0 0 1 nan"
Directory: /home/luohanjie/Documents/SLAM/Code/catkin_ws_SaveMap/src/ublox_gps_ros/Thirdparty/GeographicLib-1.48/build
"GeodSolve14" start time: Jun 09 18:23 CST
Output:
----------------------------------------------------------
nan nan nan
<end of output>
Test time =   0.00 sec
----------------------------------------------------------
Test Pass Reason:
Required regular expression found.Regex=[nan nan nan
]
"GeodSolve14" end time: Jun 09 18:23 CST
"GeodSolve14" time elapsed: 00:00:00
----------------------------------------------------------

35/126 Testing: GeodSolve15
35/126 Test: GeodSolve15
Command: "/home/luohanjie/Documents/SLAM/Code/catkin_ws_SaveMap/src/ublox_gps_ros/Thirdparty/GeographicLib-1.48/build/tools/GeodSolve" "-e" "6.4e6" "-1/150" "-f" "--input-string" "1 2 3 4"
Directory: /home/luohanjie/Documents/SLAM/Code/catkin_ws_SaveMap/src/ublox_gps_ros/Thirdparty/GeographicLib-1.48/build
"GeodSolve15" start time: Jun 09 18:23 CST
Output:
----------------------------------------------------------
1.00000000 2.00000000 3.00000000 1.00003529 2.00000187 3.00000003 4.000 0.00003557 4.000 1.0000000000 1.0000000000 23700
<end of output>
Test time =   0.00 sec
----------------------------------------------------------
Test Pass Reason:
Required regular expression found.Regex=[1\..* 2\..* 3\..* 1\..* 2\..* 3\..* 4\..* 0\..* 4\..* 1\..* 1\..* 23700
]
"GeodSolve15" end time: Jun 09 18:23 CST
"GeodSolve15" time elapsed: 00:00:00
----------------------------------------------------------

36/126 Testing: GeodSolve16
36/126 Test: GeodSolve16
Command: "/home/luohanjie/Documents/SLAM/Code/catkin_ws_SaveMap/src/ublox_gps_ros/Thirdparty/GeographicLib-1.48/build/tools/GeodSolve" "-e" "6.4e6" "-1/150" "-f" "--input-string" "1 2 3 4" "-E"
Directory: /home/luohanjie/Documents/SLAM/Code/catkin_ws_SaveMap/src/ublox_gps_ros/Thirdparty/GeographicLib-1.48/build
"GeodSolve16" start time: Jun 09 18:23 CST
Output:
----------------------------------------------------------
1.00000000 2.00000000 3.00000000 1.00003529 2.00000187 3.00000003 4.000 0.00003557 4.000 1.0000000000 1.0000000000 23700
<end of output>
Test time =   0.00 sec
----------------------------------------------------------
Test Pass Reason:
Required regular expression found.Regex=[1\..* 2\..* 3\..* 1\..* 2\..* 3\..* 4\..* 0\..* 4\..* 1\..* 1\..* 23700
]
"GeodSolve16" end time: Jun 09 18:23 CST
"GeodSolve16" time elapsed: 00:00:00
----------------------------------------------------------

37/126 Testing: GeodSolve17
37/126 Test: GeodSolve17
Command: "/home/luohanjie/Documents/SLAM/Code/catkin_ws_SaveMap/src/ublox_gps_ros/Thirdparty/GeographicLib-1.48/build/tools/GeodSolve" "-u" "--input-string" "40 -75 -10 2e7"
Directory: /home/luohanjie/Documents/SLAM/Code/catkin_ws_SaveMap/src/ublox_gps_ros/Thirdparty/GeographicLib-1.48/build
"GeodSolve17" start time: Jun 09 18:23 CST
Output:
----------------------------------------------------------
-39.97041231 -254.91289466 -170.00435717
<end of output>
Test time =   0.00 sec
----------------------------------------------------------
Test Pass Reason:
Required regular expression found.Regex=[-39\.[0-9]* -254\.[0-9]* -170\.[0-9]*
]
"GeodSolve17" end time: Jun 09 18:23 CST
"GeodSolve17" time elapsed: 00:00:00
----------------------------------------------------------

38/126 Testing: GeodSolve18
38/126 Test: GeodSolve18
Command: "/home/luohanjie/Documents/SLAM/Code/catkin_ws_SaveMap/src/ublox_gps_ros/Thirdparty/GeographicLib-1.48/build/tools/GeodSolve" "-u" "--input-string" "40 -75 -10 2e7" "-E"
Directory: /home/luohanjie/Documents/SLAM/Code/catkin_ws_SaveMap/src/ublox_gps_ros/Thirdparty/GeographicLib-1.48/build
"GeodSolve18" start time: Jun 09 18:23 CST
Output:
----------------------------------------------------------
-39.97041231 -254.91289466 -170.00435717
<end of output>
Test time =   0.00 sec
----------------------------------------------------------
Test Pass Reason:
Required regular expression found.Regex=[-39\.[0-9]* -254\.[0-9]* -170\.[0-9]*
]
"GeodSolve18" end time: Jun 09 18:23 CST
"GeodSolve18" time elapsed: 00:00:00
----------------------------------------------------------

39/126 Testing: GeodSolve19
39/126 Test: GeodSolve19
Command: "/home/luohanjie/Documents/SLAM/Code/catkin_ws_SaveMap/src/ublox_gps_ros/Thirdparty/GeographicLib-1.48/build/tools/GeodSolve" "-u" "-L" "40" "-75" "-10" "--input-string" "2e7"
Directory: /home/luohanjie/Documents/SLAM/Code/catkin_ws_SaveMap/src/ublox_gps_ros/Thirdparty/GeographicLib-1.48/build
"GeodSolve19" start time: Jun 09 18:23 CST
Output:
----------------------------------------------------------
-39.97041231 -254.91289466 -170.00435717
<end of output>
Test time =   0.00 sec
----------------------------------------------------------
Test Pass Reason:
Required regular expression found.Regex=[-39\.[0-9]* -254\.[0-9]* -170\.[0-9]*
]
"GeodSolve19" end time: Jun 09 18:23 CST
"GeodSolve19" time elapsed: 00:00:00
----------------------------------------------------------

40/126 Testing: GeodSolve20
40/126 Test: GeodSolve20
Command: "/home/luohanjie/Documents/SLAM/Code/catkin_ws_SaveMap/src/ublox_gps_ros/Thirdparty/GeographicLib-1.48/build/tools/GeodSolve" "-u" "-L" "40" "-75" "-10" "--input-string" "2e7" "-E"
Directory: /home/luohanjie/Documents/SLAM/Code/catkin_ws_SaveMap/src/ublox_gps_ros/Thirdparty/GeographicLib-1.48/build
"GeodSolve20" start time: Jun 09 18:23 CST
Output:
----------------------------------------------------------
-39.97041231 -254.91289466 -170.00435717
<end of output>
Test time =   0.00 sec
----------------------------------------------------------
Test Pass Reason:
Required regular expression found.Regex=[-39\.[0-9]* -254\.[0-9]* -170\.[0-9]*
]
"GeodSolve20" end time: Jun 09 18:23 CST
"GeodSolve20" time elapsed: 00:00:00
----------------------------------------------------------

41/126 Testing: GeodSolve21
41/126 Test: GeodSolve21
Command: "/home/luohanjie/Documents/SLAM/Code/catkin_ws_SaveMap/src/ublox_gps_ros/Thirdparty/GeographicLib-1.48/build/tools/GeodSolve" "--input-string" "40 -75 -10 2e7"
Directory: /home/luohanjie/Documents/SLAM/Code/catkin_ws_SaveMap/src/ublox_gps_ros/Thirdparty/GeographicLib-1.48/build
"GeodSolve21" start time: Jun 09 18:23 CST
Output:
----------------------------------------------------------
-39.97041231 105.08710534 -170.00435717
<end of output>
Test time =   0.00 sec
----------------------------------------------------------
Test Pass Reason:
Required regular expression found.Regex=[-39\.[0-9]* 105\.[0-9]* -170\.[0-9]*
]
"GeodSolve21" end time: Jun 09 18:23 CST
"GeodSolve21" time elapsed: 00:00:00
----------------------------------------------------------

42/126 Testing: GeodSolve22
42/126 Test: GeodSolve22
Command: "/home/luohanjie/Documents/SLAM/Code/catkin_ws_SaveMap/src/ublox_gps_ros/Thirdparty/GeographicLib-1.48/build/tools/GeodSolve" "--input-string" "40 -75 -10 2e7" "-E"
Directory: /home/luohanjie/Documents/SLAM/Code/catkin_ws_SaveMap/src/ublox_gps_ros/Thirdparty/GeographicLib-1.48/build
"GeodSolve22" start time: Jun 09 18:23 CST
Output:
----------------------------------------------------------
-39.97041231 105.08710534 -170.00435717
<end of output>
Test time =   0.00 sec
----------------------------------------------------------
Test Pass Reason:
Required regular expression found.Regex=[-39\.[0-9]* 105\.[0-9]* -170\.[0-9]*
]
"GeodSolve22" end time: Jun 09 18:23 CST
"GeodSolve22" time elapsed: 00:00:00
----------------------------------------------------------

43/126 Testing: GeodSolve23
43/126 Test: GeodSolve23
Command: "/home/luohanjie/Documents/SLAM/Code/catkin_ws_SaveMap/src/ublox_gps_ros/Thirdparty/GeographicLib-1.48/build/tools/GeodSolve" "-L" "40" "-75" "-10" "--input-string" "2e7"
Directory: /home/luohanjie/Documents/SLAM/Code/catkin_ws_SaveMap/src/ublox_gps_ros/Thirdparty/GeographicLib-1.48/build
"GeodSolve23" start time: Jun 09 18:23 CST
Output:
----------------------------------------------------------
-39.97041231 105.08710534 -170.00435717
<end of output>
Test time =   0.00 sec
----------------------------------------------------------
Test Pass Reason:
Required regular expression found.Regex=[-39\.[0-9]* 105\.[0-9]* -170\.[0-9]*
]
"GeodSolve23" end time: Jun 09 18:23 CST
"GeodSolve23" time elapsed: 00:00:00
----------------------------------------------------------

44/126 Testing: GeodSolve24
44/126 Test: GeodSolve24
Command: "/home/luohanjie/Documents/SLAM/Code/catkin_ws_SaveMap/src/ublox_gps_ros/Thirdparty/GeographicLib-1.48/build/tools/GeodSolve" "-L" "40" "-75" "-10" "--input-string" "2e7" "-E"
Directory: /home/luohanjie/Documents/SLAM/Code/catkin_ws_SaveMap/src/ublox_gps_ros/Thirdparty/GeographicLib-1.48/build
"GeodSolve24" start time: Jun 09 18:23 CST
Output:
----------------------------------------------------------
-39.97041231 105.08710534 -170.00435717
<end of output>
Test time =   0.00 sec
----------------------------------------------------------
Test Pass Reason:
Required regular expression found.Regex=[-39\.[0-9]* 105\.[0-9]* -170\.[0-9]*
]
"GeodSolve24" end time: Jun 09 18:23 CST
"GeodSolve24" time elapsed: 00:00:00
----------------------------------------------------------

45/126 Testing: GeodSolve25
45/126 Test: GeodSolve25
Command: "/home/luohanjie/Documents/SLAM/Code/catkin_ws_SaveMap/src/ublox_gps_ros/Thirdparty/GeographicLib-1.48/build/tools/GeodSolve" "-p" "6" "--input-string" "0 0 7:33:36-7.56 10001965"
Directory: /home/luohanjie/Documents/SLAM/Code/catkin_ws_SaveMap/src/ublox_gps_ros/Thirdparty/GeographicLib-1.48/build
"GeodSolve25" start time: Jun 09 18:23 CST
Output:
----------------------------------------------------------
89.99999347044 0.00000000000 0.00000000000
<end of output>
Test time =   0.00 sec
----------------------------------------------------------
Test Pass Reason:
Required regular expression found.Regex=[89\.9[0-9]* 0\.00000000000 0\.00000000000
]
"GeodSolve25" end time: Jun 09 18:23 CST
"GeodSolve25" time elapsed: 00:00:00
----------------------------------------------------------

46/126 Testing: GeodSolve26
46/126 Test: GeodSolve26
Command: "/home/luohanjie/Documents/SLAM/Code/catkin_ws_SaveMap/src/ublox_gps_ros/Thirdparty/GeographicLib-1.48/build/tools/GeodSolve" "-i" "-f" "-e" "6.4e6" "0" "--input-string" "1 2 3 4"
Directory: /home/luohanjie/Documents/SLAM/Code/catkin_ws_SaveMap/src/ublox_gps_ros/Thirdparty/GeographicLib-1.48/build
"GeodSolve26" start time: Jun 09 18:23 CST
Output:
----------------------------------------------------------
1.00000000 2.00000000 44.95199835 3.00000000 4.00000000 45.02181506 315834.074 2.82749367 315705.896 0.9987825815 0.9987825815 49911046115
<end of output>
Test time =   0.00 sec
----------------------------------------------------------
Test Pass Reason:
Required regular expression found.Regex=[ 49911046115
]
"GeodSolve26" end time: Jun 09 18:23 CST
"GeodSolve26" time elapsed: 00:00:00
----------------------------------------------------------

47/126 Testing: GeodSolve27
47/126 Test: GeodSolve27
Command: "/home/luohanjie/Documents/SLAM/Code/catkin_ws_SaveMap/src/ublox_gps_ros/Thirdparty/GeographicLib-1.48/build/tools/GeodSolve" "-i" "-f" "-e" "6.4e6" "0" "--input-string" "1 2 3 4" "-E"
Directory: /home/luohanjie/Documents/SLAM/Code/catkin_ws_SaveMap/src/ublox_gps_ros/Thirdparty/GeographicLib-1.48/build
"GeodSolve27" start time: Jun 09 18:23 CST
Output:
----------------------------------------------------------
1.00000000 2.00000000 44.95199835 3.00000000 4.00000000 45.02181506 315834.074 2.82749367 315705.896 0.9987825815 0.9987825815 49911046115
<end of output>
Test time =   0.00 sec
----------------------------------------------------------
Test Pass Reason:
Required regular expression found.Regex=[ 49911046115
]
"GeodSolve27" end time: Jun 09 18:23 CST
"GeodSolve27" time elapsed: 00:00:00
----------------------------------------------------------

48/126 Testing: GeodSolve28
48/126 Test: GeodSolve28
Command: "/home/luohanjie/Documents/SLAM/Code/catkin_ws_SaveMap/src/ublox_gps_ros/Thirdparty/GeographicLib-1.48/build/tools/GeodSolve" "-f" "-e" "6.4e6" "0.1" "-p" "3" "--input-string" "1 2 10 5e6"
Directory: /home/luohanjie/Documents/SLAM/Code/catkin_ws_SaveMap/src/ublox_gps_ros/Thirdparty/GeographicLib-1.48/build
"GeodSolve28" start time: Jun 09 18:23 CST
Output:
----------------------------------------------------------
1.00000000 2.00000000 10.00000000 51.43412414 12.48688458 15.17896642 5000000.000 48.55570690 4445242.454 0.6622444295 0.6900333216 3155927746107
<end of output>
Test time =   0.00 sec
----------------------------------------------------------
Test Pass Reason:
Required regular expression found.Regex=[ 48.55570690 
]
"GeodSolve28" end time: Jun 09 18:23 CST
"GeodSolve28" time elapsed: 00:00:00
----------------------------------------------------------

49/126 Testing: GeodSolve29
49/126 Test: GeodSolve29
Command: "/home/luohanjie/Documents/SLAM/Code/catkin_ws_SaveMap/src/ublox_gps_ros/Thirdparty/GeographicLib-1.48/build/tools/GeodSolve" "-i" "-f" "-p" "0" "--input-string" "0 539 0 181"
Directory: /home/luohanjie/Documents/SLAM/Code/catkin_ws_SaveMap/src/ublox_gps_ros/Thirdparty/GeographicLib-1.48/build
"GeodSolve29" start time: Jun 09 18:23 CST
Output:
----------------------------------------------------------
0.00000 179.00000 90.00000 0.00000 -179.00000 90.00000 222639 2.00673 222593 0.9993867 0.9993867 0
<end of output>
Test time =   0.00 sec
----------------------------------------------------------
Test Pass Reason:
Required regular expression found.Regex=[0\..* 179\..* 90\..* 0\..* -179\..* 90\..* 222639 
]
"GeodSolve29" end time: Jun 09 18:23 CST
"GeodSolve29" time elapsed: 00:00:00
----------------------------------------------------------

50/126 Testing: GeodSolve30
50/126 Test: GeodSolve30
Command: "/home/luohanjie/Documents/SLAM/Code/catkin_ws_SaveMap/src/ublox_gps_ros/Thirdparty/GeographicLib-1.48/build/tools/GeodSolve" "-i" "-f" "-p" "0" "--input-string" "0 539 0 181" "-E"
Directory: /home/luohanjie/Documents/SLAM/Code/catkin_ws_SaveMap/src/ublox_gps_ros/Thirdparty/GeographicLib-1.48/build
"GeodSolve30" start time: Jun 09 18:23 CST
Output:
----------------------------------------------------------
0.00000 179.00000 90.00000 0.00000 -179.00000 90.00000 222639 2.00673 222593 0.9993867 0.9993867 0
<end of output>
Test time =   0.00 sec
----------------------------------------------------------
Test Pass Reason:
Required regular expression found.Regex=[0\..* 179\..* 90\..* 0\..* -179\..* 90\..* 222639 
]
"GeodSolve30" end time: Jun 09 18:23 CST
"GeodSolve30" time elapsed: 00:00:00
----------------------------------------------------------

51/126 Testing: GeodSolve31
51/126 Test: GeodSolve31
Command: "/home/luohanjie/Documents/SLAM/Code/catkin_ws_SaveMap/src/ublox_gps_ros/Thirdparty/GeographicLib-1.48/build/tools/GeodSolve" "-i" "-f" "-p" "0" "--input-string" "0 539 0 181" "-u"
Directory: /home/luohanjie/Documents/SLAM/Code/catkin_ws_SaveMap/src/ublox_gps_ros/Thirdparty/GeographicLib-1.48/build
"GeodSolve31" start time: Jun 09 18:23 CST
Output:
----------------------------------------------------------
0.00000 539.00000 90.00000 0.00000 541.00000 90.00000 222639 2.00673 222593 0.9993867 0.9993867 0
<end of output>
Test time =   0.00 sec
----------------------------------------------------------
Test Pass Reason:
Required regular expression found.Regex=[0\..* 539\..* 90\..* 0\..* 541\..* 90\..* 222639 
]
"GeodSolve31" end time: Jun 09 18:23 CST
"GeodSolve31" time elapsed: 00:00:00
----------------------------------------------------------

52/126 Testing: GeodSolve32
52/126 Test: GeodSolve32
Command: "/home/luohanjie/Documents/SLAM/Code/catkin_ws_SaveMap/src/ublox_gps_ros/Thirdparty/GeographicLib-1.48/build/tools/GeodSolve" "-i" "-f" "-p" "0" "--input-string" "0 539 0 181" "-u" "-E"
Directory: /home/luohanjie/Documents/SLAM/Code/catkin_ws_SaveMap/src/ublox_gps_ros/Thirdparty/GeographicLib-1.48/build
"GeodSolve32" start time: Jun 09 18:23 CST
Output:
----------------------------------------------------------
0.00000 539.00000 90.00000 0.00000 541.00000 90.00000 222639 2.00673 222593 0.9993867 0.9993867 0
<end of output>
Test time =   0.00 sec
----------------------------------------------------------
Test Pass Reason:
Required regular expression found.Regex=[0\..* 539\..* 90\..* 0\..* 541\..* 90\..* 222639 
]
"GeodSolve32" end time: Jun 09 18:23 CST
"GeodSolve32" time elapsed: 00:00:00
----------------------------------------------------------

53/126 Testing: GeodSolve33
53/126 Test: GeodSolve33
Command: "/home/luohanjie/Documents/SLAM/Code/catkin_ws_SaveMap/src/ublox_gps_ros/Thirdparty/GeographicLib-1.48/build/tools/GeodSolve" "-i" "-p" "0" "--input-string" "0 0 0 179"
Directory: /home/luohanjie/Documents/SLAM/Code/catkin_ws_SaveMap/src/ublox_gps_ros/Thirdparty/GeographicLib-1.48/build
"GeodSolve33" start time: Jun 09 18:23 CST
Output:
----------------------------------------------------------
90.00000 90.00000 19926189
<end of output>
Test time =   0.00 sec
----------------------------------------------------------
Test Pass Reason:
Required regular expression found.Regex=[90\.00000 90\.00000 19926189
]
"GeodSolve33" end time: Jun 09 18:23 CST
"GeodSolve33" time elapsed: 00:00:00
----------------------------------------------------------

54/126 Testing: GeodSolve34
54/126 Test: GeodSolve34
Command: "/home/luohanjie/Documents/SLAM/Code/catkin_ws_SaveMap/src/ublox_gps_ros/Thirdparty/GeographicLib-1.48/build/tools/GeodSolve" "-i" "-p" "0" "--input-string" "0 0 0 179" "-E"
Directory: /home/luohanjie/Documents/SLAM/Code/catkin_ws_SaveMap/src/ublox_gps_ros/Thirdparty/GeographicLib-1.48/build
"GeodSolve34" start time: Jun 09 18:23 CST
Output:
----------------------------------------------------------
90.00000 90.00000 19926189
<end of output>
Test time =   0.00 sec
----------------------------------------------------------
Test Pass Reason:
Required regular expression found.Regex=[90\.00000 90\.00000 19926189
]
"GeodSolve34" end time: Jun 09 18:23 CST
"GeodSolve34" time elapsed: 00:00:00
----------------------------------------------------------

55/126 Testing: GeodSolve35
55/126 Test: GeodSolve35
Command: "/home/luohanjie/Documents/SLAM/Code/catkin_ws_SaveMap/src/ublox_gps_ros/Thirdparty/GeographicLib-1.48/build/tools/GeodSolve" "-i" "-p" "0" "--input-string" "0 0 0 179.5"
Directory: /home/luohanjie/Documents/SLAM/Code/catkin_ws_SaveMap/src/ublox_gps_ros/Thirdparty/GeographicLib-1.48/build
"GeodSolve35" start time: Jun 09 18:23 CST
Output:
----------------------------------------------------------
55.96650 124.03350 19980862
<end of output>
Test time =   0.00 sec
----------------------------------------------------------
Test Pass Reason:
Required regular expression found.Regex=[55\.96650 124\.03350 19980862
]
"GeodSolve35" end time: Jun 09 18:23 CST
"GeodSolve35" time elapsed: 00:00:00
----------------------------------------------------------

56/126 Testing: GeodSolve36
56/126 Test: GeodSolve36
Command: "/home/luohanjie/Documents/SLAM/Code/catkin_ws_SaveMap/src/ublox_gps_ros/Thirdparty/GeographicLib-1.48/build/tools/GeodSolve" "-i" "-p" "0" "--input-string" "0 0 0 179.5" "-E"
Directory: /home/luohanjie/Documents/SLAM/Code/catkin_ws_SaveMap/src/ublox_gps_ros/Thirdparty/GeographicLib-1.48/build
"GeodSolve36" start time: Jun 09 18:23 CST
Output:
----------------------------------------------------------
55.96650 124.03350 19980862
<end of output>
Test time =   0.00 sec
----------------------------------------------------------
Test Pass Reason:
Required regular expression found.Regex=[55\.96650 124\.03350 19980862
]
"GeodSolve36" end time: Jun 09 18:23 CST
"GeodSolve36" time elapsed: 00:00:00
----------------------------------------------------------

57/126 Testing: GeodSolve37
57/126 Test: GeodSolve37
Command: "/home/luohanjie/Documents/SLAM/Code/catkin_ws_SaveMap/src/ublox_gps_ros/Thirdparty/GeographicLib-1.48/build/tools/GeodSolve" "-i" "-p" "0" "--input-string" "0 0 0 180"
Directory: /home/luohanjie/Documents/SLAM/Code/catkin_ws_SaveMap/src/ublox_gps_ros/Thirdparty/GeographicLib-1.48/build
"GeodSolve37" start time: Jun 09 18:23 CST
Output:
----------------------------------------------------------
0.00000 180.00000 20003931
<end of output>
Test time =   0.00 sec
----------------------------------------------------------
Test Pass Reason:
Required regular expression found.Regex=[0\.00000 -?180\.00000 20003931
]
"GeodSolve37" end time: Jun 09 18:23 CST
"GeodSolve37" time elapsed: 00:00:00
----------------------------------------------------------

58/126 Testing: GeodSolve38
58/126 Test: GeodSolve38
Command: "/home/luohanjie/Documents/SLAM/Code/catkin_ws_SaveMap/src/ublox_gps_ros/Thirdparty/GeographicLib-1.48/build/tools/GeodSolve" "-i" "-p" "0" "--input-string" "0 0 0 180" "-E"
Directory: /home/luohanjie/Documents/SLAM/Code/catkin_ws_SaveMap/src/ublox_gps_ros/Thirdparty/GeographicLib-1.48/build
"GeodSolve38" start time: Jun 09 18:23 CST
Output:
----------------------------------------------------------
0.00000 180.00000 20003931
<end of output>
Test time =   0.00 sec
----------------------------------------------------------
Test Pass Reason:
Required regular expression found.Regex=[0\.00000 -?180\.00000 20003931
]
"GeodSolve38" end time: Jun 09 18:23 CST
"GeodSolve38" time elapsed: 00:00:00
----------------------------------------------------------

59/126 Testing: GeodSolve39
59/126 Test: GeodSolve39
Command: "/home/luohanjie/Documents/SLAM/Code/catkin_ws_SaveMap/src/ublox_gps_ros/Thirdparty/GeographicLib-1.48/build/tools/GeodSolve" "-i" "-p" "0" "--input-string" "0 0 1 180"
Directory: /home/luohanjie/Documents/SLAM/Code/catkin_ws_SaveMap/src/ublox_gps_ros/Thirdparty/GeographicLib-1.48/build
"GeodSolve39" start time: Jun 09 18:23 CST
Output:
----------------------------------------------------------
0.00000 180.00000 19893357
<end of output>
Test time =   0.00 sec
----------------------------------------------------------
Test Pass Reason:
Required regular expression found.Regex=[0\.00000 -?180\.00000 19893357
]
"GeodSolve39" end time: Jun 09 18:23 CST
"GeodSolve39" time elapsed: 00:00:00
----------------------------------------------------------

60/126 Testing: GeodSolve40
60/126 Test: GeodSolve40
Command: "/home/luohanjie/Documents/SLAM/Code/catkin_ws_SaveMap/src/ublox_gps_ros/Thirdparty/GeographicLib-1.48/build/tools/GeodSolve" "-i" "-p" "0" "--input-string" "0 0 1 180" "-E"
Directory: /home/luohanjie/Documents/SLAM/Code/catkin_ws_SaveMap/src/ublox_gps_ros/Thirdparty/GeographicLib-1.48/build
"GeodSolve40" start time: Jun 09 18:23 CST
Output:
----------------------------------------------------------
0.00000 180.00000 19893357
<end of output>
Test time =   0.00 sec
----------------------------------------------------------
Test Pass Reason:
Required regular expression found.Regex=[0\.00000 -?180\.00000 19893357
]
"GeodSolve40" end time: Jun 09 18:23 CST
"GeodSolve40" time elapsed: 00:00:00
----------------------------------------------------------

61/126 Testing: GeodSolve41
61/126 Test: GeodSolve41
Command: "/home/luohanjie/Documents/SLAM/Code/catkin_ws_SaveMap/src/ublox_gps_ros/Thirdparty/GeographicLib-1.48/build/tools/GeodSolve" "-i" "-p" "0" "--input-string" "0 0 0 179" "-e" "6.4e6" "0"
Directory: /home/luohanjie/Documents/SLAM/Code/catkin_ws_SaveMap/src/ublox_gps_ros/Thirdparty/GeographicLib-1.48/build
"GeodSolve41" start time: Jun 09 18:23 CST
Output:
----------------------------------------------------------
90.00000 90.00000 19994492
<end of output>
Test time =   0.00 sec
----------------------------------------------------------
Test Pass Reason:
Required regular expression found.Regex=[90\.00000 90\.00000 19994492
]
"GeodSolve41" end time: Jun 09 18:23 CST
"GeodSolve41" time elapsed: 00:00:00
----------------------------------------------------------

62/126 Testing: GeodSolve42
62/126 Test: GeodSolve42
Command: "/home/luohanjie/Documents/SLAM/Code/catkin_ws_SaveMap/src/ublox_gps_ros/Thirdparty/GeographicLib-1.48/build/tools/GeodSolve" "-i" "-p" "0" "--input-string" "0 0 0 179" "-e" "6.4e6" "0" "-E"
Directory: /home/luohanjie/Documents/SLAM/Code/catkin_ws_SaveMap/src/ublox_gps_ros/Thirdparty/GeographicLib-1.48/build
"GeodSolve42" start time: Jun 09 18:23 CST
Output:
----------------------------------------------------------
90.00000 90.00000 19994492
<end of output>
Test time =   0.00 sec
----------------------------------------------------------
Test Pass Reason:
Required regular expression found.Regex=[90\.00000 90\.00000 19994492
]
"GeodSolve42" end time: Jun 09 18:23 CST
"GeodSolve42" time elapsed: 00:00:00
----------------------------------------------------------

63/126 Testing: GeodSolve43
63/126 Test: GeodSolve43
Command: "/home/luohanjie/Documents/SLAM/Code/catkin_ws_SaveMap/src/ublox_gps_ros/Thirdparty/GeographicLib-1.48/build/tools/GeodSolve" "-i" "-p" "0" "--input-string" "0 0 0 180" "-e" "6.4e6" "0"
Directory: /home/luohanjie/Documents/SLAM/Code/catkin_ws_SaveMap/src/ublox_gps_ros/Thirdparty/GeographicLib-1.48/build
"GeodSolve43" start time: Jun 09 18:23 CST
Output:
----------------------------------------------------------
0.00000 180.00000 20106193
<end of output>
Test time =   0.00 sec
----------------------------------------------------------
Test Pass Reason:
Required regular expression found.Regex=[0\.00000 -?180\.00000 20106193
]
"GeodSolve43" end time: Jun 09 18:23 CST
"GeodSolve43" time elapsed: 00:00:00
----------------------------------------------------------

64/126 Testing: GeodSolve44
64/126 Test: GeodSolve44
Command: "/home/luohanjie/Documents/SLAM/Code/catkin_ws_SaveMap/src/ublox_gps_ros/Thirdparty/GeographicLib-1.48/build/tools/GeodSolve" "-i" "-p" "0" "--input-string" "0 0 0 180" "-e" "6.4e6" "0" "-E"
Directory: /home/luohanjie/Documents/SLAM/Code/catkin_ws_SaveMap/src/ublox_gps_ros/Thirdparty/GeographicLib-1.48/build
"GeodSolve44" start time: Jun 09 18:23 CST
Output:
----------------------------------------------------------
0.00000 180.00000 20106193
<end of output>
Test time =   0.00 sec
----------------------------------------------------------
Test Pass Reason:
Required regular expression found.Regex=[0\.00000 -?180\.00000 20106193
]
"GeodSolve44" end time: Jun 09 18:23 CST
"GeodSolve44" time elapsed: 00:00:00
----------------------------------------------------------

65/126 Testing: GeodSolve45
65/126 Test: GeodSolve45
Command: "/home/luohanjie/Documents/SLAM/Code/catkin_ws_SaveMap/src/ublox_gps_ros/Thirdparty/GeographicLib-1.48/build/tools/GeodSolve" "-i" "-p" "0" "--input-string" "0 0 1 180" "-e" "6.4e6" "0"
Directory: /home/luohanjie/Documents/SLAM/Code/catkin_ws_SaveMap/src/ublox_gps_ros/Thirdparty/GeographicLib-1.48/build
"GeodSolve45" start time: Jun 09 18:23 CST
Output:
----------------------------------------------------------
0.00000 180.00000 19994492
<end of output>
Test time =   0.00 sec
----------------------------------------------------------
Test Pass Reason:
Required regular expression found.Regex=[0\.00000 -?180\.00000 19994492
]
"GeodSolve45" end time: Jun 09 18:23 CST
"GeodSolve45" time elapsed: 00:00:00
----------------------------------------------------------

66/126 Testing: GeodSolve46
66/126 Test: GeodSolve46
Command: "/home/luohanjie/Documents/SLAM/Code/catkin_ws_SaveMap/src/ublox_gps_ros/Thirdparty/GeographicLib-1.48/build/tools/GeodSolve" "-i" "-p" "0" "--input-string" "0 0 1 180" "-e" "6.4e6" "0" "-E"
Directory: /home/luohanjie/Documents/SLAM/Code/catkin_ws_SaveMap/src/ublox_gps_ros/Thirdparty/GeographicLib-1.48/build
"GeodSolve46" start time: Jun 09 18:23 CST
Output:
----------------------------------------------------------
0.00000 180.00000 19994492
<end of output>
Test time =   0.00 sec
----------------------------------------------------------
Test Pass Reason:
Required regular expression found.Regex=[0\.00000 -?180\.00000 19994492
]
"GeodSolve46" end time: Jun 09 18:23 CST
"GeodSolve46" time elapsed: 00:00:00
----------------------------------------------------------

67/126 Testing: GeodSolve47
67/126 Test: GeodSolve47
Command: "/home/luohanjie/Documents/SLAM/Code/catkin_ws_SaveMap/src/ublox_gps_ros/Thirdparty/GeographicLib-1.48/build/tools/GeodSolve" "-i" "-p" "0" "--input-string" "0 0 0 179" "-e" "6.4e6" "-1/300"
Directory: /home/luohanjie/Documents/SLAM/Code/catkin_ws_SaveMap/src/ublox_gps_ros/Thirdparty/GeographicLib-1.48/build
"GeodSolve47" start time: Jun 09 18:23 CST
Output:
----------------------------------------------------------
90.00000 90.00000 19994492
<end of output>
Test time =   0.00 sec
----------------------------------------------------------
Test Pass Reason:
Required regular expression found.Regex=[90\.00000 90\.00000 19994492
]
"GeodSolve47" end time: Jun 09 18:23 CST
"GeodSolve47" time elapsed: 00:00:00
----------------------------------------------------------

68/126 Testing: GeodSolve48
68/126 Test: GeodSolve48
Command: "/home/luohanjie/Documents/SLAM/Code/catkin_ws_SaveMap/src/ublox_gps_ros/Thirdparty/GeographicLib-1.48/build/tools/GeodSolve" "-i" "-p" "0" "--input-string" "0 0 0 179" "-e" "6.4e6" "-1/300" "-E"
Directory: /home/luohanjie/Documents/SLAM/Code/catkin_ws_SaveMap/src/ublox_gps_ros/Thirdparty/GeographicLib-1.48/build
"GeodSolve48" start time: Jun 09 18:23 CST
Output:
----------------------------------------------------------
90.00000 90.00000 19994492
<end of output>
Test time =   0.00 sec
----------------------------------------------------------
Test Pass Reason:
Required regular expression found.Regex=[90\.00000 90\.00000 19994492
]
"GeodSolve48" end time: Jun 09 18:23 CST
"GeodSolve48" time elapsed: 00:00:00
----------------------------------------------------------

69/126 Testing: GeodSolve49
69/126 Test: GeodSolve49
Command: "/home/luohanjie/Documents/SLAM/Code/catkin_ws_SaveMap/src/ublox_gps_ros/Thirdparty/GeographicLib-1.48/build/tools/GeodSolve" "-i" "-p" "0" "--input-string" "0 0 0 180" "-e" "6.4e6" "-1/300"
Directory: /home/luohanjie/Documents/SLAM/Code/catkin_ws_SaveMap/src/ublox_gps_ros/Thirdparty/GeographicLib-1.48/build
"GeodSolve49" start time: Jun 09 18:23 CST
Output:
----------------------------------------------------------
90.00000 90.00000 20106193
<end of output>
Test time =   0.00 sec
----------------------------------------------------------
Test Pass Reason:
Required regular expression found.Regex=[90\.00000 90\.00000 20106193
]
"GeodSolve49" end time: Jun 09 18:23 CST
"GeodSolve49" time elapsed: 00:00:00
----------------------------------------------------------

70/126 Testing: GeodSolve50
70/126 Test: GeodSolve50
Command: "/home/luohanjie/Documents/SLAM/Code/catkin_ws_SaveMap/src/ublox_gps_ros/Thirdparty/GeographicLib-1.48/build/tools/GeodSolve" "-i" "-p" "0" "--input-string" "0 0 0 180" "-e" "6.4e6" "-1/300" "-E"
Directory: /home/luohanjie/Documents/SLAM/Code/catkin_ws_SaveMap/src/ublox_gps_ros/Thirdparty/GeographicLib-1.48/build
"GeodSolve50" start time: Jun 09 18:23 CST
Output:
----------------------------------------------------------
90.00000 90.00000 20106193
<end of output>
Test time =   0.00 sec
----------------------------------------------------------
Test Pass Reason:
Required regular expression found.Regex=[90\.00000 90\.00000 20106193
]
"GeodSolve50" end time: Jun 09 18:23 CST
"GeodSolve50" time elapsed: 00:00:00
----------------------------------------------------------

71/126 Testing: GeodSolve51
71/126 Test: GeodSolve51
Command: "/home/luohanjie/Documents/SLAM/Code/catkin_ws_SaveMap/src/ublox_gps_ros/Thirdparty/GeographicLib-1.48/build/tools/GeodSolve" "-i" "-p" "0" "--input-string" "0 0 0.5 180" "-e" "6.4e6" "-1/300"
Directory: /home/luohanjie/Documents/SLAM/Code/catkin_ws_SaveMap/src/ublox_gps_ros/Thirdparty/GeographicLib-1.48/build
"GeodSolve51" start time: Jun 09 18:23 CST
Output:
----------------------------------------------------------
33.02493 146.97364 20082617
<end of output>
Test time =   0.00 sec
----------------------------------------------------------
Test Pass Reason:
Required regular expression found.Regex=[33\.02493 146\.97364 20082617
]
"GeodSolve51" end time: Jun 09 18:23 CST
"GeodSolve51" time elapsed: 00:00:00
----------------------------------------------------------

72/126 Testing: GeodSolve52
72/126 Test: GeodSolve52
Command: "/home/luohanjie/Documents/SLAM/Code/catkin_ws_SaveMap/src/ublox_gps_ros/Thirdparty/GeographicLib-1.48/build/tools/GeodSolve" "-i" "-p" "0" "--input-string" "0 0 0.5 180" "-e" "6.4e6" "-1/300" "-E"
Directory: /home/luohanjie/Documents/SLAM/Code/catkin_ws_SaveMap/src/ublox_gps_ros/Thirdparty/GeographicLib-1.48/build
"GeodSolve52" start time: Jun 09 18:23 CST
Output:
----------------------------------------------------------
33.02493 146.97364 20082617
<end of output>
Test time =   0.00 sec
----------------------------------------------------------
Test Pass Reason:
Required regular expression found.Regex=[33\.02493 146\.97364 20082617
]
"GeodSolve52" end time: Jun 09 18:23 CST
"GeodSolve52" time elapsed: 00:00:00
----------------------------------------------------------

73/126 Testing: GeodSolve53
73/126 Test: GeodSolve53
Command: "/home/luohanjie/Documents/SLAM/Code/catkin_ws_SaveMap/src/ublox_gps_ros/Thirdparty/GeographicLib-1.48/build/tools/GeodSolve" "-i" "-p" "0" "--input-string" "0 0 1 180" "-e" "6.4e6" "-1/300"
Directory: /home/luohanjie/Documents/SLAM/Code/catkin_ws_SaveMap/src/ublox_gps_ros/Thirdparty/GeographicLib-1.48/build
"GeodSolve53" start time: Jun 09 18:23 CST
Output:
----------------------------------------------------------
0.00000 180.00000 20027270
<end of output>
Test time =   0.00 sec
----------------------------------------------------------
Test Pass Reason:
Required regular expression found.Regex=[0\.00000 -?180\.00000 20027270
]
"GeodSolve53" end time: Jun 09 18:23 CST
"GeodSolve53" time elapsed: 00:00:00
----------------------------------------------------------

74/126 Testing: GeodSolve54
74/126 Test: GeodSolve54
Command: "/home/luohanjie/Documents/SLAM/Code/catkin_ws_SaveMap/src/ublox_gps_ros/Thirdparty/GeographicLib-1.48/build/tools/GeodSolve" "-i" "-p" "0" "--input-string" "0 0 1 180" "-e" "6.4e6" "-1/300" "-E"
Directory: /home/luohanjie/Documents/SLAM/Code/catkin_ws_SaveMap/src/ublox_gps_ros/Thirdparty/GeographicLib-1.48/build
"GeodSolve54" start time: Jun 09 18:23 CST
Output:
----------------------------------------------------------
0.00000 180.00000 20027270
<end of output>
Test time =   0.00 sec
----------------------------------------------------------
Test Pass Reason:
Required regular expression found.Regex=[0\.00000 -?180\.00000 20027270
]
"GeodSolve54" end time: Jun 09 18:23 CST
"GeodSolve54" time elapsed: 00:00:00
----------------------------------------------------------

75/126 Testing: GeodSolve55
75/126 Test: GeodSolve55
Command: "/home/luohanjie/Documents/SLAM/Code/catkin_ws_SaveMap/src/ublox_gps_ros/Thirdparty/GeographicLib-1.48/build/tools/GeodSolve" "-i" "--input-string" "nan 0 0 90"
Directory: /home/luohanjie/Documents/SLAM/Code/catkin_ws_SaveMap/src/ublox_gps_ros/Thirdparty/GeographicLib-1.48/build
"GeodSolve55" start time: Jun 09 18:23 CST
Output:
----------------------------------------------------------
nan nan nan
<end of output>
Test time =   0.00 sec
----------------------------------------------------------
Test Pass Reason:
Required regular expression found.Regex=[nan nan nan
]
"GeodSolve55" end time: Jun 09 18:23 CST
"GeodSolve55" time elapsed: 00:00:00
----------------------------------------------------------

76/126 Testing: GeodSolve56
76/126 Test: GeodSolve56
Command: "/home/luohanjie/Documents/SLAM/Code/catkin_ws_SaveMap/src/ublox_gps_ros/Thirdparty/GeographicLib-1.48/build/tools/GeodSolve" "-i" "--input-string" "nan 0 0 90" "-E"
Directory: /home/luohanjie/Documents/SLAM/Code/catkin_ws_SaveMap/src/ublox_gps_ros/Thirdparty/GeographicLib-1.48/build
"GeodSolve56" start time: Jun 09 18:23 CST
Output:
----------------------------------------------------------
nan nan nan
<end of output>
Test time =   0.00 sec
----------------------------------------------------------
Test Pass Reason:
Required regular expression found.Regex=[nan nan nan
]
"GeodSolve56" end time: Jun 09 18:23 CST
"GeodSolve56" time elapsed: 00:00:00
----------------------------------------------------------

77/126 Testing: GeodSolve57
77/126 Test: GeodSolve57
Command: "/home/luohanjie/Documents/SLAM/Code/catkin_ws_SaveMap/src/ublox_gps_ros/Thirdparty/GeographicLib-1.48/build/tools/GeodSolve" "-i" "--input-string" "nan 0 90 9"
Directory: /home/luohanjie/Documents/SLAM/Code/catkin_ws_SaveMap/src/ublox_gps_ros/Thirdparty/GeographicLib-1.48/build
"GeodSolve57" start time: Jun 09 18:23 CST
Output:
----------------------------------------------------------
nan nan nan
<end of output>
Test time =   0.00 sec
----------------------------------------------------------
Test Pass Reason:
Required regular expression found.Regex=[nan nan nan
]
"GeodSolve57" end time: Jun 09 18:23 CST
"GeodSolve57" time elapsed: 00:00:00
----------------------------------------------------------

78/126 Testing: GeodSolve58
78/126 Test: GeodSolve58
Command: "/home/luohanjie/Documents/SLAM/Code/catkin_ws_SaveMap/src/ublox_gps_ros/Thirdparty/GeographicLib-1.48/build/tools/GeodSolve" "-i" "--input-string" "nan 0 90 9" "-E"
Directory: /home/luohanjie/Documents/SLAM/Code/catkin_ws_SaveMap/src/ublox_gps_ros/Thirdparty/GeographicLib-1.48/build
"GeodSolve58" start time: Jun 09 18:23 CST
Output:
----------------------------------------------------------
nan nan nan
<end of output>
Test time =   0.00 sec
----------------------------------------------------------
Test Pass Reason:
Required regular expression found.Regex=[nan nan nan
]
"GeodSolve58" end time: Jun 09 18:23 CST
"GeodSolve58" time elapsed: 00:00:00
----------------------------------------------------------

79/126 Testing: GeodSolve59
79/126 Test: GeodSolve59
Command: "/home/luohanjie/Documents/SLAM/Code/catkin_ws_SaveMap/src/ublox_gps_ros/Thirdparty/GeographicLib-1.48/build/tools/GeodSolve" "-i" "-p" "9" "--input-string" "5 0.00000000000001 10 180"
Directory: /home/luohanjie/Documents/SLAM/Code/catkin_ws_SaveMap/src/ublox_gps_ros/Thirdparty/GeographicLib-1.48/build
"GeodSolve59" start time: Jun 09 18:23 CST
Output:
----------------------------------------------------------
0.00000000000004 179.99999999999997 18345191.174332712
<end of output>
Test time =   0.00 sec
----------------------------------------------------------
Test Pass Reason:
Required regular expression found.Regex=[0\.0000000000000[34] 179\.9999999999999[5-7] 18345191\.17433271[2-6]
]
"GeodSolve59" end time: Jun 09 18:23 CST
"GeodSolve59" time elapsed: 00:00:00
----------------------------------------------------------

80/126 Testing: GeodSolve60
80/126 Test: GeodSolve60
Command: "/home/luohanjie/Documents/SLAM/Code/catkin_ws_SaveMap/src/ublox_gps_ros/Thirdparty/GeographicLib-1.48/build/tools/GeodSolve" "-i" "-p" "9" "--input-string" "5 0.00000000000001 10 180" "-E"
Directory: /home/luohanjie/Documents/SLAM/Code/catkin_ws_SaveMap/src/ublox_gps_ros/Thirdparty/GeographicLib-1.48/build
"GeodSolve60" start time: Jun 09 18:23 CST
Output:
----------------------------------------------------------
0.00000000000004 179.99999999999997 18345191.174332712
<end of output>
Test time =   0.00 sec
----------------------------------------------------------
Test Pass Reason:
Required regular expression found.Regex=[0\.0000000000000[34] 179\.9999999999999[5-7] 18345191\.17433271[2-6]
]
"GeodSolve60" end time: Jun 09 18:23 CST
"GeodSolve60" time elapsed: 00:00:00
----------------------------------------------------------

81/126 Testing: GeodSolve61
81/126 Test: GeodSolve61
Command: "/home/luohanjie/Documents/SLAM/Code/catkin_ws_SaveMap/src/ublox_gps_ros/Thirdparty/GeographicLib-1.48/build/tools/GeodSolve" "-u" "-p" "0" "--input-string" "45 0 -0.000000000000000003 1e7"
Directory: /home/luohanjie/Documents/SLAM/Code/catkin_ws_SaveMap/src/ublox_gps_ros/Thirdparty/GeographicLib-1.48/build
"GeodSolve61" start time: Jun 09 18:23 CST
Output:
----------------------------------------------------------
45.30632 -180.00000 180.00000
<end of output>
Test time =   0.00 sec
----------------------------------------------------------
Test Pass Reason:
Required regular expression found.Regex=[45\.30632 -180\.00000 -?180\.00000
]
"GeodSolve61" end time: Jun 09 18:23 CST
"GeodSolve61" time elapsed: 00:00:00
----------------------------------------------------------

82/126 Testing: GeodSolve62
82/126 Test: GeodSolve62
Command: "/home/luohanjie/Documents/SLAM/Code/catkin_ws_SaveMap/src/ublox_gps_ros/Thirdparty/GeographicLib-1.48/build/tools/GeodSolve" "-u" "-p" "0" "-I" "45" "0" "80" "-0.000000000000000003" "--input-string" "1e7"
Directory: /home/luohanjie/Documents/SLAM/Code/catkin_ws_SaveMap/src/ublox_gps_ros/Thirdparty/GeographicLib-1.48/build
"GeodSolve62" start time: Jun 09 18:23 CST
Output:
----------------------------------------------------------
45.30632 -180.00000 180.00000
<end of output>
Test time =   0.00 sec
----------------------------------------------------------
Test Pass Reason:
Required regular expression found.Regex=[45\.30632 -180\.00000 -?180\.00000
]
"GeodSolve62" end time: Jun 09 18:23 CST
"GeodSolve62" time elapsed: 00:00:00
----------------------------------------------------------

83/126 Testing: GeodSolve63
83/126 Test: GeodSolve63
Command: "/home/luohanjie/Documents/SLAM/Code/catkin_ws_SaveMap/src/ublox_gps_ros/Thirdparty/GeographicLib-1.48/build/tools/GeodSolve" "-u" "-p" "0" "--input-string" "45 0 -0.000000000000000003 1e7" "-E"
Directory: /home/luohanjie/Documents/SLAM/Code/catkin_ws_SaveMap/src/ublox_gps_ros/Thirdparty/GeographicLib-1.48/build
"GeodSolve63" start time: Jun 09 18:23 CST
Output:
----------------------------------------------------------
45.30632 -180.00000 180.00000
<end of output>
Test time =   0.00 sec
----------------------------------------------------------
Test Pass Reason:
Required regular expression found.Regex=[45\.30632 -180\.00000 -?180\.00000
]
"GeodSolve63" end time: Jun 09 18:23 CST
"GeodSolve63" time elapsed: 00:00:00
----------------------------------------------------------

84/126 Testing: GeodSolve64
84/126 Test: GeodSolve64
Command: "/home/luohanjie/Documents/SLAM/Code/catkin_ws_SaveMap/src/ublox_gps_ros/Thirdparty/GeographicLib-1.48/build/tools/GeodSolve" "-u" "-p" "0" "-I" "45" "0" "80" "-0.000000000000000003" "--input-string" "1e7" "-E"
Directory: /home/luohanjie/Documents/SLAM/Code/catkin_ws_SaveMap/src/ublox_gps_ros/Thirdparty/GeographicLib-1.48/build
"GeodSolve64" start time: Jun 09 18:23 CST
Output:
----------------------------------------------------------
45.30632 -180.00000 180.00000
<end of output>
Test time =   0.00 sec
----------------------------------------------------------
Test Pass Reason:
Required regular expression found.Regex=[45\.30632 -180\.00000 -?180\.00000
]
"GeodSolve64" end time: Jun 09 18:23 CST
"GeodSolve64" time elapsed: 00:00:00
----------------------------------------------------------

85/126 Testing: GeodSolve65
85/126 Test: GeodSolve65
Command: "/home/luohanjie/Documents/SLAM/Code/catkin_ws_SaveMap/src/ublox_gps_ros/Thirdparty/GeographicLib-1.48/build/tools/GeodSolve" "-I" "30" "-0.000000000000000001" "-31" "180" "-f" "-u" "-p" "0" "--input-string" "1e7;2e7"
Directory: /home/luohanjie/Documents/SLAM/Code/catkin_ws_SaveMap/src/ublox_gps_ros/Thirdparty/GeographicLib-1.48/build
"GeodSolve65" start time: Jun 09 18:23 CST
Output:
----------------------------------------------------------
30.00000 -0.00000 180.00000 -60.23169 -0.00000 180.00000 10000000 90.06544 6363636 -0.0012834 0.0013749 0
30.00000 -0.00000 180.00000 -30.03547 -180.00000 -0.00000 20000000 179.96459 54342 -1.0045592 -0.9954339 127516405431022
<end of output>
Test time =   0.00 sec
----------------------------------------------------------
Test Pass Reason:
Required regular expression found.Regex=[30\.00000 -0\.00000 -?180\.00000 -60\.23169 -0\.00000 -?180\.00000 10000000 90\.06544 6363636 -0\.0012834 0\.0013749 0[
]+30\.00000 -0\.00000 -?180\.00000 -30\.03547 -180\.00000 -0\.00000 20000000 179\.96459 54342 -1\.0045592 -0\.9954339 127516405431022
]
"GeodSolve65" end time: Jun 09 18:23 CST
"GeodSolve65" time elapsed: 00:00:00
----------------------------------------------------------

86/126 Testing: GeodSolve66
86/126 Test: GeodSolve66
Command: "/home/luohanjie/Documents/SLAM/Code/catkin_ws_SaveMap/src/ublox_gps_ros/Thirdparty/GeographicLib-1.48/build/tools/GeodSolve" "-I" "30" "-0.000000000000000001" "-31" "180" "-f" "-u" "-p" "0" "--input-string" "1e7;2e7" "-E"
Directory: /home/luohanjie/Documents/SLAM/Code/catkin_ws_SaveMap/src/ublox_gps_ros/Thirdparty/GeographicLib-1.48/build
"GeodSolve66" start time: Jun 09 18:23 CST
Output:
----------------------------------------------------------
30.00000 -0.00000 180.00000 -60.23169 -0.00000 180.00000 10000000 90.06544 6363636 -0.0012834 0.0013749 0
30.00000 -0.00000 180.00000 -30.03547 -180.00000 -0.00000 20000000 179.96459 54342 -1.0045592 -0.9954339 127516405431022
<end of output>
Test time =   0.00 sec
----------------------------------------------------------
Test Pass Reason:
Required regular expression found.Regex=[30\.00000 -0\.00000 -?180\.00000 -60\.23169 -0\.00000 -?180\.00000 10000000 90\.06544 6363636 -0\.0012834 0\.0013749 0[
]+30\.00000 -0\.00000 -?180\.00000 -30\.03547 -180\.00000 -0\.00000 20000000 179\.96459 54342 -1\.0045592 -0\.9954339 127516405431022
]
"GeodSolve66" end time: Jun 09 18:23 CST
"GeodSolve66" time elapsed: 00:00:00
----------------------------------------------------------

87/126 Testing: GeodSolve67
87/126 Test: GeodSolve67
Command: "/home/luohanjie/Documents/SLAM/Code/catkin_ws_SaveMap/src/ublox_gps_ros/Thirdparty/GeographicLib-1.48/build/tools/GeodSolve" "-u" "-p" "0" "-I" "-5" "-0.000000000000002" "-10" "180" "--input-string" "2e7"
Directory: /home/luohanjie/Documents/SLAM/Code/catkin_ws_SaveMap/src/ublox_gps_ros/Thirdparty/GeographicLib-1.48/build
"GeodSolve67" start time: Jun 09 18:23 CST
Output:
----------------------------------------------------------
4.96445 -180.00000 -0.00000
<end of output>
Test time =   0.00 sec
----------------------------------------------------------
Test Pass Reason:
Required regular expression found.Regex=[4\.96445 -180\.00000 -0\.00000
]
"GeodSolve67" end time: Jun 09 18:23 CST
"GeodSolve67" time elapsed: 00:00:00
----------------------------------------------------------

88/126 Testing: GeodSolve68
88/126 Test: GeodSolve68
Command: "/home/luohanjie/Documents/SLAM/Code/catkin_ws_SaveMap/src/ublox_gps_ros/Thirdparty/GeographicLib-1.48/build/tools/GeodSolve" "-u" "-p" "0" "-I" "-5" "-0.000000000000002" "-10" "180" "--input-string" "2e7" "-E"
Directory: /home/luohanjie/Documents/SLAM/Code/catkin_ws_SaveMap/src/ublox_gps_ros/Thirdparty/GeographicLib-1.48/build
"GeodSolve68" start time: Jun 09 18:23 CST
Output:
----------------------------------------------------------
4.96445 -180.00000 -0.00000
<end of output>
Test time =   0.00 sec
----------------------------------------------------------
Test Pass Reason:
Required regular expression found.Regex=[4\.96445 -180\.00000 -0\.00000
]
"GeodSolve68" end time: Jun 09 18:23 CST
"GeodSolve68" time elapsed: 00:00:00
----------------------------------------------------------

89/126 Testing: GeodSolve69
89/126 Test: GeodSolve69
Command: "/home/luohanjie/Documents/SLAM/Code/catkin_ws_SaveMap/src/ublox_gps_ros/Thirdparty/GeographicLib-1.48/build/tools/GeodSolve" "-u" "-p" "0" "-I" "-5" "-0.000000000000002" "-10" "180" "--input-string" "0.5" "-F"
Directory: /home/luohanjie/Documents/SLAM/Code/catkin_ws_SaveMap/src/ublox_gps_ros/Thirdparty/GeographicLib-1.48/build
"GeodSolve69" start time: Jun 09 18:23 CST
Output:
----------------------------------------------------------
-87.52461 -0.00000 -180.00000
<end of output>
Test time =   0.00 sec
----------------------------------------------------------
Test Pass Reason:
Required regular expression found.Regex=[-87\.52461 -0\.00000 -180\.00000
]
"GeodSolve69" end time: Jun 09 18:23 CST
"GeodSolve69" time elapsed: 00:00:00
----------------------------------------------------------

90/126 Testing: GeodSolve70
90/126 Test: GeodSolve70
Command: "/home/luohanjie/Documents/SLAM/Code/catkin_ws_SaveMap/src/ublox_gps_ros/Thirdparty/GeographicLib-1.48/build/tools/GeodSolve" "-u" "-p" "0" "-I" "-5" "-0.000000000000002" "-10" "180" "--input-string" "0.5" "-F" "-E"
Directory: /home/luohanjie/Documents/SLAM/Code/catkin_ws_SaveMap/src/ublox_gps_ros/Thirdparty/GeographicLib-1.48/build
"GeodSolve70" start time: Jun 09 18:23 CST
Output:
----------------------------------------------------------
-87.52461 -0.00000 -180.00000
<end of output>
Test time =   0.00 sec
----------------------------------------------------------
Test Pass Reason:
Required regular expression found.Regex=[-87\.52461 -0\.00000 -180\.00000
]
"GeodSolve70" end time: Jun 09 18:23 CST
"GeodSolve70" time elapsed: 00:00:00
----------------------------------------------------------

91/126 Testing: GeodSolve71
91/126 Test: GeodSolve71
Command: "/home/luohanjie/Documents/SLAM/Code/catkin_ws_SaveMap/src/ublox_gps_ros/Thirdparty/GeographicLib-1.48/build/tools/GeodSolve" "-D" "1" "2" "45" "1e7" "-p" "0" "--input-string" "0.5" "-F"
Directory: /home/luohanjie/Documents/SLAM/Code/catkin_ws_SaveMap/src/ublox_gps_ros/Thirdparty/GeographicLib-1.48/build
"GeodSolve71" start time: Jun 09 18:23 CST
Output:
----------------------------------------------------------
30.92625 37.54640 55.43104
<end of output>
Test time =   0.00 sec
----------------------------------------------------------
Test Pass Reason:
Required regular expression found.Regex=[30\.92625 37\.54640 55\.43104
]
"GeodSolve71" end time: Jun 09 18:23 CST
"GeodSolve71" time elapsed: 00:00:00
----------------------------------------------------------

92/126 Testing: GeodSolve72
92/126 Test: GeodSolve72
Command: "/home/luohanjie/Documents/SLAM/Code/catkin_ws_SaveMap/src/ublox_gps_ros/Thirdparty/GeographicLib-1.48/build/tools/GeodSolve" "-D" "1" "2" "45" "1e7" "-p" "0" "--input-string" "0.5" "-F"
Directory: /home/luohanjie/Documents/SLAM/Code/catkin_ws_SaveMap/src/ublox_gps_ros/Thirdparty/GeographicLib-1.48/build
"GeodSolve72" start time: Jun 09 18:23 CST
Output:
----------------------------------------------------------
30.92625 37.54640 55.43104
<end of output>
Test time =   0.00 sec
----------------------------------------------------------
Test Pass Reason:
Required regular expression found.Regex=[30\.92625 37\.54640 55\.43104
]
"GeodSolve72" end time: Jun 09 18:23 CST
"GeodSolve72" time elapsed: 00:00:00
----------------------------------------------------------

93/126 Testing: GeodSolve73
93/126 Test: GeodSolve73
Command: "/home/luohanjie/Documents/SLAM/Code/catkin_ws_SaveMap/src/ublox_gps_ros/Thirdparty/GeographicLib-1.48/build/tools/GeodSolve" "-p" "0" "--input-string" "90 10 180 -1e6"
Directory: /home/luohanjie/Documents/SLAM/Code/catkin_ws_SaveMap/src/ublox_gps_ros/Thirdparty/GeographicLib-1.48/build
"GeodSolve73" start time: Jun 09 18:23 CST
Output:
----------------------------------------------------------
81.04623 -170.00000 0.00000
<end of output>
Test time =   0.00 sec
----------------------------------------------------------
Test Pass Reason:
Required regular expression found.Regex=[81\.04623 -170\.00000 0\.00000
]
"GeodSolve73" end time: Jun 09 18:23 CST
"GeodSolve73" time elapsed: 00:00:00
----------------------------------------------------------

94/126 Testing: GeodSolve74
94/126 Test: GeodSolve74
Command: "/home/luohanjie/Documents/SLAM/Code/catkin_ws_SaveMap/src/ublox_gps_ros/Thirdparty/GeographicLib-1.48/build/tools/GeodSolve" "-i" "-p" "10" "-f" "--input-string" "54.1589 15.3872 54.1591 15.3877"
Directory: /home/luohanjie/Documents/SLAM/Code/catkin_ws_SaveMap/src/ublox_gps_ros/Thirdparty/GeographicLib-1.48/build
"GeodSolve74" start time: Jun 09 18:23 CST
Output:
----------------------------------------------------------
54.158900000000003 15.387200000000000 55.723110354612096 54.159100000000002 15.387700000000001 55.723515677124311 39.5276863853 0.000355493251256 39.5276863851 0.99999999998083666 0.99999999998083666 286698586.302
<end of output>
Test time =   0.00 sec
----------------------------------------------------------
Test Pass Reason:
Required regular expression found.Regex=[54.* 15.* 55\.72311035.* 54.* 15.* 55\.72351567.* 39\.52768638.* 0\.00035549.* 39\.52768638.* 0\.99999999.* 0\.99999999.* 286698586\.302
]
"GeodSolve74" end time: Jun 09 18:23 CST
"GeodSolve74" time elapsed: 00:00:00
----------------------------------------------------------

95/126 Testing: GeodSolve75
95/126 Test: GeodSolve75
[...]

104/126 Testing: Planimeter8
104/126 Test: Planimeter8
Command: "/home/luohanjie/Documents/SLAM/Code/catkin_ws_SaveMap/src/ublox_gps_ros/Thirdparty/GeographicLib-1.48/build/tools/Planimeter" "-p" "8" "--input-string" "9  0.00000000000001;9 180;9 0"
Directory: /home/luohanjie/Documents/SLAM/Code/catkin_ws_SaveMap/src/ublox_gps_ros/Thirdparty/GeographicLib-1.48/build
"Planimeter8" start time: Jun 09 18:23 CST
Output:
----------------------------------------------------------
3 36026861.80766834 0.031
<end of output>
Test time =   0.00 sec
----------------------------------------------------------
Test Pass Reason:
Required regular expression found.Regex=[3 36026861\.[0-9]+ -?0.0[0-9]+
]
"Planimeter8" end time: Jun 09 18:23 CST
"Planimeter8" time elapsed: 00:00:00
----------------------------------------------------------

105/126 Testing: Planimeter9
105/126 Test: Planimeter9
Command: "/home/luohanjie/Documents/SLAM/Code/catkin_ws_SaveMap/src/ublox_gps_ros/Thirdparty/GeographicLib-1.48/build/tools/Planimeter" "-p" "8" "--input-string" "9 -0.00000000000001;9 0;9 180"
Directory: /home/luohanjie/Documents/SLAM/Code/catkin_ws_SaveMap/src/ublox_gps_ros/Thirdparty/GeographicLib-1.48/build
"Planimeter9" start time: Jun 09 18:23 CST
Output:
----------------------------------------------------------
3 36026861.80766834 0.031
<end of output>
Test time =   0.00 sec
----------------------------------------------------------
Test Pass Reason:
Required regular expression found.Regex=[3 36026861\.[0-9]+ -?0.0[0-9]+
]
"Planimeter9" end time: Jun 09 18:23 CST
"Planimeter9" time elapsed: 00:00:00
----------------------------------------------------------

106/126 Testing: Planimeter10
106/126 Test: Planimeter10
Command: "/home/luohanjie/Documents/SLAM/Code/catkin_ws_SaveMap/src/ublox_gps_ros/Thirdparty/GeographicLib-1.48/build/tools/Planimeter" "-R" "--input-string" "41N 111:3W; 41N 104:3W; 45N 104:3W; 45N 111:3W"
Directory: /home/luohanjie/Documents/SLAM/Code/catkin_ws_SaveMap/src/ublox_gps_ros/Thirdparty/GeographicLib-1.48/build
"Planimeter10" start time: Jun 09 18:23 CST
Output:
----------------------------------------------------------
4 2029616.314952 253588376329.2
<end of output>
Test time =   0.00 sec
----------------------------------------------------------
Test Pass Reason:
Required regular expression found.Regex=[4 2029616\.[0-9]+ 2535883763..\.
]
"Planimeter10" end time: Jun 09 18:23 CST
"Planimeter10" time elapsed: 00:00:00
----------------------------------------------------------

107/126 Testing: Planimeter11
107/126 Test: Planimeter11
Command: "/home/luohanjie/Documents/SLAM/Code/catkin_ws_SaveMap/src/ublox_gps_ros/Thirdparty/GeographicLib-1.48/build/tools/Planimeter" "-R" "--input-string" "66:33:44 0; 66:33:44 180"
Directory: /home/luohanjie/Documents/SLAM/Code/catkin_ws_SaveMap/src/ublox_gps_ros/Thirdparty/GeographicLib-1.48/build
"Planimeter11" start time: Jun 09 18:23 CST
Output:
----------------------------------------------------------
2 15985058.783250 21208418252304.7
<end of output>
Test time =   0.00 sec
----------------------------------------------------------
Test Pass Reason:
Required regular expression found.Regex=[2 15985058\.[0-9]+ 212084182523..\.
]
"Planimeter11" end time: Jun 09 18:23 CST
"Planimeter11" time elapsed: 00:00:00
----------------------------------------------------------

108/126 Testing: Planimeter12
108/126 Test: Planimeter12
Command: "/home/luohanjie/Documents/SLAM/Code/catkin_ws_SaveMap/src/ublox_gps_ros/Thirdparty/GeographicLib-1.48/build/tools/Planimeter" "--input-string" "66:33:44 0; 66:33:44 180"
Directory: /home/luohanjie/Documents/SLAM/Code/catkin_ws_SaveMap/src/ublox_gps_ros/Thirdparty/GeographicLib-1.48/build
"Planimeter12" start time: Jun 09 18:23 CST
Output:
----------------------------------------------------------
2 10465729.174643 0.0
<end of output>
Test time =   0.00 sec
----------------------------------------------------------
Test Pass Reason:
Required regular expression found.Regex=[2 10465729\.[0-9]+ -?0.0
]
"Planimeter12" end time: Jun 09 18:23 CST
"Planimeter12" time elapsed: 00:00:00
----------------------------------------------------------

109/126 Testing: Planimeter13
109/126 Test: Planimeter13
Command: "/home/luohanjie/Documents/SLAM/Code/catkin_ws_SaveMap/src/ublox_gps_ros/Thirdparty/GeographicLib-1.48/build/tools/Planimeter" "--input-string" "89 -360; 89 -240; 89 -120; 89 0; 89 120; 89 240"
Directory: /home/luohanjie/Documents/SLAM/Code/catkin_ws_SaveMap/src/ublox_gps_ros/Thirdparty/GeographicLib-1.48/build
"Planimeter13" start time: Jun 09 18:23 CST
Output:
----------------------------------------------------------
6 1160741.959502 32415230256.7
<end of output>
Test time =   0.00 sec
----------------------------------------------------------
Test Pass Reason:
Required regular expression found.Regex=[6 1160741\..* 32415230256\.
]
"Planimeter13" end time: Jun 09 18:23 CST
"Planimeter13" time elapsed: 00:00:00
----------------------------------------------------------

110/126 Testing: Planimeter14
110/126 Test: Planimeter14
Command: "/home/luohanjie/Documents/SLAM/Code/catkin_ws_SaveMap/src/ublox_gps_ros/Thirdparty/GeographicLib-1.48/build/tools/Planimeter" "--input-string" "-360 89;-240 89;-120 89;0 89;120 89;240 89" "-w"
Directory: /home/luohanjie/Documents/SLAM/Code/catkin_ws_SaveMap/src/ublox_gps_ros/Thirdparty/GeographicLib-1.48/build
"Planimeter14" start time: Jun 09 18:23 CST
Output:
----------------------------------------------------------
6 1160741.959502 32415230256.7
<end of output>
Test time =   0.00 sec
----------------------------------------------------------
Test Pass Reason:
Required regular expression found.Regex=[6 1160741\..* 32415230256\.
]
"Planimeter14" end time: Jun 09 18:23 CST
"Planimeter14" time elapsed: 00:00:00
----------------------------------------------------------

111/126 Testing: ConicProj0
111/126 Test: ConicProj0
Command: "/home/luohanjie/Documents/SLAM/Code/catkin_ws_SaveMap/src/ublox_gps_ros/Thirdparty/GeographicLib-1.48/build/tools/ConicProj" "-a" "40d58" "39d56" "-l" "77d45W" "-r" "--input-string" "220e3 -52e3"
Directory: /home/luohanjie/Documents/SLAM/Code/catkin_ws_SaveMap/src/ublox_gps_ros/Thirdparty/GeographicLib-1.48/build
"ConicProj0" start time: Jun 09 18:23 CST
Output:
----------------------------------------------------------
39.95481374925 -75.17502526723 1.670535759228 0.999996726544
<end of output>
Test time =   0.00 sec
----------------------------------------------------------
Test Pass Reason:
Required regular expression found.Regex=[39\.95[0-9]+ -75\.17[0-9]+ 1\.67[0-9]+ 0\.99[0-9]+
]
"ConicProj0" end time: Jun 09 18:23 CST
"ConicProj0" time elapsed: 00:00:00
----------------------------------------------------------

112/126 Testing: ConicProj1
112/126 Test: ConicProj1
Command: "/home/luohanjie/Documents/SLAM/Code/catkin_ws_SaveMap/src/ublox_gps_ros/Thirdparty/GeographicLib-1.48/build/tools/ConicProj" "-a" "0" "0" "-e" "6.4e6" "-0.5" "-r" "--input-string" "0 8605508"
Directory: /home/luohanjie/Documents/SLAM/Code/catkin_ws_SaveMap/src/ublox_gps_ros/Thirdparty/GeographicLib-1.48/build
"ConicProj1" start time: Jun 09 18:23 CST
Output:
----------------------------------------------------------
85.00002605400 0.00000000000 0.000000000000 17.174306224675
<end of output>
Test time =   0.00 sec
----------------------------------------------------------
Test Pass Reason:
Required regular expression found.Regex=[^85\.00
]
"ConicProj1" end time: Jun 09 18:23 CST
"ConicProj1" time elapsed: 00:00:00
----------------------------------------------------------

113/126 Testing: ConicProj2
113/126 Test: ConicProj2
Command: "/home/luohanjie/Documents/SLAM/Code/catkin_ws_SaveMap/src/ublox_gps_ros/Thirdparty/GeographicLib-1.48/build/tools/ConicProj" "-c" "-30" "-30" "--input-string" "-30 0"
Directory: /home/luohanjie/Documents/SLAM/Code/catkin_ws_SaveMap/src/ublox_gps_ros/Thirdparty/GeographicLib-1.48/build
"ConicProj2" start time: Jun 09 18:23 CST
Output:
----------------------------------------------------------
0.000000 -0.000000 -0.000000000000 1.000000000000
<end of output>
Test time =   0.00 sec
----------------------------------------------------------
Test Pass Reason:
Required regular expression found.Regex=[^-?0\.0+ -?0\.0+ -?0\.0+ 1\.0+
]
"ConicProj2" end time: Jun 09 18:23 CST
"ConicProj2" time elapsed: 00:00:00
----------------------------------------------------------

114/126 Testing: ConicProj3
114/126 Test: ConicProj3
Command: "/home/luohanjie/Documents/SLAM/Code/catkin_ws_SaveMap/src/ublox_gps_ros/Thirdparty/GeographicLib-1.48/build/tools/ConicProj" "-r" "-c" "0" "0" "--input-string" "1113195 -1e10"
Directory: /home/luohanjie/Documents/SLAM/Code/catkin_ws_SaveMap/src/ublox_gps_ros/Thirdparty/GeographicLib-1.48/build
"ConicProj3" start time: Jun 09 18:23 CST
Output:
----------------------------------------------------------
-90.00000000000 10.00000082705 0.000000000000 20214406524425874319170156363776.000000000000
<end of output>
Test time =   0.00 sec
----------------------------------------------------------
Test Pass Reason:
Required regular expression found.Regex=[^-90\.0+ 10\.00[0-9]+ 
]
"ConicProj3" end time: Jun 09 18:23 CST
"ConicProj3" time elapsed: 00:00:00
----------------------------------------------------------

115/126 Testing: ConicProj4
115/126 Test: ConicProj4
Command: "/home/luohanjie/Documents/SLAM/Code/catkin_ws_SaveMap/src/ublox_gps_ros/Thirdparty/GeographicLib-1.48/build/tools/ConicProj" "-r" "-c" "0" "0" "--input-string" "1113195 inf"
Directory: /home/luohanjie/Documents/SLAM/Code/catkin_ws_SaveMap/src/ublox_gps_ros/Thirdparty/GeographicLib-1.48/build
"ConicProj4" start time: Jun 09 18:23 CST
Output:
----------------------------------------------------------
90.00000000000 10.00000082705 0.000000000000 20214406524425876570969970049024.000000000000
<end of output>
Test time =   0.00 sec
----------------------------------------------------------
Test Pass Reason:
Required regular expression found.Regex=[^90\.0+ 10\.00[0-9]+ 
]
"ConicProj4" end time: Jun 09 18:23 CST
"ConicProj4" time elapsed: 00:00:00
----------------------------------------------------------

116/126 Testing: ConicProj5
116/126 Test: ConicProj5
Command: "/home/luohanjie/Documents/SLAM/Code/catkin_ws_SaveMap/src/ublox_gps_ros/Thirdparty/GeographicLib-1.48/build/tools/ConicProj" "-r" "-c" "45" "45" "--input-string" "0 -1e100"
Directory: /home/luohanjie/Documents/SLAM/Code/catkin_ws_SaveMap/src/ublox_gps_ros/Thirdparty/GeographicLib-1.48/build
"ConicProj5" start time: Jun 09 18:23 CST
Output:
----------------------------------------------------------
-90.00000000000 0.00000000000 0.000000000000 593415006546534956187240111201583895818529944333451264.000000000000
<end of output>
Test time =   0.00 sec
----------------------------------------------------------
Test Pass Reason:
Required regular expression found.Regex=[^-90\.0+ -?0\.00[0-9]+ 
]
"ConicProj5" end time: Jun 09 18:23 CST
"ConicProj5" time elapsed: 00:00:00
----------------------------------------------------------

117/126 Testing: ConicProj6
117/126 Test: ConicProj6
Command: "/home/luohanjie/Documents/SLAM/Code/catkin_ws_SaveMap/src/ublox_gps_ros/Thirdparty/GeographicLib-1.48/build/tools/ConicProj" "-r" "-c" "45" "45" "--input-string" "0 -inf"
Directory: /home/luohanjie/Documents/SLAM/Code/catkin_ws_SaveMap/src/ublox_gps_ros/Thirdparty/GeographicLib-1.48/build
"ConicProj6" start time: Jun 09 18:23 CST
Output:
----------------------------------------------------------
-90.00000000000 0.00000000000 0.000000000000 593415006546534956187240111201583895818529944333451264.000000000000
<end of output>
Test time =   0.00 sec
----------------------------------------------------------
Test Pass Reason:
Required regular expression found.Regex=[^-90\.0+ -?0\.00[0-9]+ 
]
"ConicProj6" end time: Jun 09 18:23 CST
"ConicProj6" time elapsed: 00:00:00
----------------------------------------------------------

118/126 Testing: ConicProj7
118/126 Test: ConicProj7
Command: "/home/luohanjie/Documents/SLAM/Code/catkin_ws_SaveMap/src/ublox_gps_ros/Thirdparty/GeographicLib-1.48/build/tools/ConicProj" "-r" "-c" "90" "90" "--input-string" "0 -1e150"
Directory: /home/luohanjie/Documents/SLAM/Code/catkin_ws_SaveMap/src/ublox_gps_ros/Thirdparty/GeographicLib-1.48/build
"ConicProj7" start time: Jun 09 18:23 CST
Output:
----------------------------------------------------------
-90.00000000000 0.00000000000 0.000000000000 1623571418297993469771590661362371071661943763535161211089846272.000000000000
<end of output>
Test time =   0.00 sec
----------------------------------------------------------
Test Pass Reason:
Required regular expression found.Regex=[^-90\.0+ -?0\.00[0-9]+ 
]
"ConicProj7" end time: Jun 09 18:23 CST
"ConicProj7" time elapsed: 00:00:00
----------------------------------------------------------

119/126 Testing: ConicProj8
119/126 Test: ConicProj8
Command: "/home/luohanjie/Documents/SLAM/Code/catkin_ws_SaveMap/src/ublox_gps_ros/Thirdparty/GeographicLib-1.48/build/tools/ConicProj" "-r" "-c" "90" "90" "--input-string" "0 -inf"
Directory: /home/luohanjie/Documents/SLAM/Code/catkin_ws_SaveMap/src/ublox_gps_ros/Thirdparty/GeographicLib-1.48/build
"ConicProj8" start time: Jun 09 18:23 CST
Output:
----------------------------------------------------------
-90.00000000000 0.00000000000 0.000000000000 1623571418297993469771590661362371071661943763535161211089846272.000000000000
<end of output>
Test time =   0.00 sec
----------------------------------------------------------
Test Pass Reason:
Required regular expression found.Regex=[^-90\.0+ -?0\.00[0-9]+ 
]
"ConicProj8" end time: Jun 09 18:23 CST
"ConicProj8" time elapsed: 00:00:00
----------------------------------------------------------

120/126 Testing: CartConvert0
120/126 Test: CartConvert0
Command: "/home/luohanjie/Documents/SLAM/Code/catkin_ws_SaveMap/src/ublox_gps_ros/Thirdparty/GeographicLib-1.48/build/tools/CartConvert" "-e" "6.4e6" "1/100" "-r" "--input-string" "10e3 0 1e3"
Directory: /home/luohanjie/Documents/SLAM/Code/catkin_ws_SaveMap/src/ublox_gps_ros/Thirdparty/GeographicLib-1.48/build
"CartConvert0" start time: Jun 09 18:23 CST
Output:
----------------------------------------------------------
85.57605637501 0.00000000000 -6334614.328681
<end of output>
Test time =   0.00 sec
----------------------------------------------------------
Test Pass Reason:
Required regular expression found.Regex=[85\.57[0-9]+ 0\.0[0]+ -6334614\.[0-9]+
]
"CartConvert0" end time: Jun 09 18:23 CST
"CartConvert0" time elapsed: 00:00:00
----------------------------------------------------------

121/126 Testing: CartConvert1
121/126 Test: CartConvert1
Command: "/home/luohanjie/Documents/SLAM/Code/catkin_ws_SaveMap/src/ublox_gps_ros/Thirdparty/GeographicLib-1.48/build/tools/CartConvert" "-e" "6.4e6" "-1/100" "-r" "--input-string" "1e3 0 10e3"
Directory: /home/luohanjie/Documents/SLAM/Code/catkin_ws_SaveMap/src/ublox_gps_ros/Thirdparty/GeographicLib-1.48/build
"CartConvert1" start time: Jun 09 18:23 CST
Output:
----------------------------------------------------------
4.42416201020 0.00000000000 -6398614.309565
<end of output>
Test time =   0.00 sec
----------------------------------------------------------
Test Pass Reason:
Required regular expression found.Regex=[4\.42[0-9]+ 0\.0[0]+ -6398614\.[0-9]+
]
"CartConvert1" end time: Jun 09 18:23 CST
"CartConvert1" time elapsed: 00:00:00
----------------------------------------------------------

122/126 Testing: TransverseMercatorProj0
122/126 Test: TransverseMercatorProj0
Command: "/home/luohanjie/Documents/SLAM/Code/catkin_ws_SaveMap/src/ublox_gps_ros/Thirdparty/GeographicLib-1.48/build/tools/TransverseMercatorProj" "-k" "1" "--input-string" "90 75"
Directory: /home/luohanjie/Documents/SLAM/Code/catkin_ws_SaveMap/src/ublox_gps_ros/Thirdparty/GeographicLib-1.48/build
"TransverseMercatorProj0" start time: Jun 09 18:23 CST
Output:
----------------------------------------------------------
0.000000 10001965.729313 75.000000000000 1.000000000000
<end of output>
Test time =   0.00 sec
----------------------------------------------------------
Test Pass Reason:
Required regular expression found.Regex=[^0\.0+ 10001965\.7293[0-9]+ 75\.0+ 1\.0+
]
"TransverseMercatorProj0" end time: Jun 09 18:23 CST
"TransverseMercatorProj0" time elapsed: 00:00:00
----------------------------------------------------------

123/126 Testing: TransverseMercatorProj1
123/126 Test: TransverseMercatorProj1
Command: "/home/luohanjie/Documents/SLAM/Code/catkin_ws_SaveMap/src/ublox_gps_ros/Thirdparty/GeographicLib-1.48/build/tools/TransverseMercatorProj" "-k" "1" "-r" "--input-string" "0 10001965.7293127228"
Directory: /home/luohanjie/Documents/SLAM/Code/catkin_ws_SaveMap/src/ublox_gps_ros/Thirdparty/GeographicLib-1.48/build
"TransverseMercatorProj1" start time: Jun 09 18:23 CST
Output:
----------------------------------------------------------
90.00000000000 0.00000000000 0.000000000000 1.000000000000
<end of output>
Test time =   0.00 sec
----------------------------------------------------------
Test Pass Reason:
Required regular expression found.Regex=[(90\.0+ 0\.0+ 0\.0+|(90\.0+|89\.99999999999[0-9]+) -?180\.0+ -?180\.0+) (1\.0000+|0\.9999+)
]
"TransverseMercatorProj1" end time: Jun 09 18:23 CST
"TransverseMercatorProj1" time elapsed: 00:00:00
----------------------------------------------------------

124/126 Testing: RhumbSolve0
124/126 Test: RhumbSolve0
Command: "/home/luohanjie/Documents/SLAM/Code/catkin_ws_SaveMap/src/ublox_gps_ros/Thirdparty/GeographicLib-1.48/build/tools/RhumbSolve" "-p" "3" "-i" "--input-string" "0 0 90 0"
Directory: /home/luohanjie/Documents/SLAM/Code/catkin_ws_SaveMap/src/ublox_gps_ros/Thirdparty/GeographicLib-1.48/build
"RhumbSolve0" start time: Jun 09 18:23 CST
Output:
----------------------------------------------------------
0.00000000 10001965.729 nan
<end of output>
Test time =   0.00 sec
----------------------------------------------------------
Test Pass Reason:
Required regular expression found.Regex=[^0\.0+ 10001965\.729 
]
"RhumbSolve0" end time: Jun 09 18:23 CST
"RhumbSolve0" time elapsed: 00:00:00
----------------------------------------------------------

125/126 Testing: RhumbSolve1
125/126 Test: RhumbSolve1
Command: "/home/luohanjie/Documents/SLAM/Code/catkin_ws_SaveMap/src/ublox_gps_ros/Thirdparty/GeographicLib-1.48/build/tools/RhumbSolve" "-p" "3" "-i" "--input-string" "0 0 90 0" "-s"
Directory: /home/luohanjie/Documents/SLAM/Code/catkin_ws_SaveMap/src/ublox_gps_ros/Thirdparty/GeographicLib-1.48/build
"RhumbSolve1" start time: Jun 09 18:23 CST
Output:
----------------------------------------------------------
0.00000000 10001965.729 nan
<end of output>
Test time =   0.00 sec
----------------------------------------------------------
Test Pass Reason:
Required regular expression found.Regex=[^0\.0+ 10001965\.729 
]
"RhumbSolve1" end time: Jun 09 18:23 CST
"RhumbSolve1" time elapsed: 00:00:00
----------------------------------------------------------

126/126 Testing: GeodesicProj0
126/126 Test: GeodesicProj0
Command: "/home/luohanjie/Documents/SLAM/Code/catkin_ws_SaveMap/src/ublox_gps_ros/Thirdparty/GeographicLib-1.48/build/tools/GeodesicProj" "-c" "0" "0" "-p" "3" "--input-string" "90 80"
Directory: /home/luohanjie/Documents/SLAM/Code/catkin_ws_SaveMap/src/ublox_gps_ros/Thirdparty/GeographicLib-1.48/build
"GeodesicProj0" start time: Jun 09 18:23 CST
Output:
----------------------------------------------------------
0.000 10001965.729 170.00000000 1.000000000
<end of output>
Test time =   0.00 sec
----------------------------------------------------------
Test Pass Reason:
Required regular expression found.Regex=[^-?0\.0+ [0-9]+\.[0-9]+ 170\.0+ 
]
"GeodesicProj0" end time: Jun 09 18:23 CST
"GeodesicProj0" time elapsed: 00:00:00
----------------------------------------------------------

End testing: Jun 09 18:23 CST
